{"/Users/rohanvachheta/Downloads/abha-sync/services/ai-extraction/src/index.js": {"path":"/Users/rohanvachheta/Downloads/abha-sync/services/ai-extraction/src/index.js","statementMap":{"0":{"start":{"line":1,"column":16},"end":{"line":1,"column":34}},"1":{"start":{"line":2,"column":13},"end":{"line":2,"column":28}},"2":{"start":{"line":3,"column":46},"end":{"line":3,"column":74}},"3":{"start":{"line":4,"column":25},"end":{"line":4,"column":55}},"4":{"start":{"line":6,"column":12},"end":{"line":6,"column":21}},"5":{"start":{"line":7,"column":13},"end":{"line":7,"column":37}},"6":{"start":{"line":9,"column":0},"end":{"line":9,"column":16}},"7":{"start":{"line":10,"column":0},"end":{"line":10,"column":41}},"8":{"start":{"line":11,"column":0},"end":{"line":11,"column":59}},"9":{"start":{"line":14,"column":0},"end":{"line":16,"column":3}},"10":{"start":{"line":15,"column":2},"end":{"line":15,"column":97}},"11":{"start":{"line":19,"column":0},"end":{"line":19,"column":38}},"12":{"start":{"line":22,"column":0},"end":{"line":22,"column":22}},"13":{"start":{"line":24,"column":0},"end":{"line":28,"column":1}},"14":{"start":{"line":25,"column":2},"end":{"line":27,"column":5}},"15":{"start":{"line":26,"column":4},"end":{"line":26,"column":65}},"16":{"start":{"line":30,"column":0},"end":{"line":30,"column":21}}},"fnMap":{"0":{"name":"(anonymous_0)","decl":{"start":{"line":14,"column":19},"end":{"line":14,"column":20}},"loc":{"start":{"line":14,"column":34},"end":{"line":16,"column":1}},"line":14},"1":{"name":"(anonymous_1)","decl":{"start":{"line":25,"column":19},"end":{"line":25,"column":20}},"loc":{"start":{"line":25,"column":25},"end":{"line":27,"column":3}},"line":25}},"branchMap":{"0":{"loc":{"start":{"line":7,"column":13},"end":{"line":7,"column":37}},"type":"binary-expr","locations":[{"start":{"line":7,"column":13},"end":{"line":7,"column":29}},{"start":{"line":7,"column":33},"end":{"line":7,"column":37}}],"line":7},"1":{"loc":{"start":{"line":24,"column":0},"end":{"line":28,"column":1}},"type":"if","locations":[{"start":{"line":24,"column":0},"end":{"line":28,"column":1}},{"start":{},"end":{}}],"line":24}},"s":{"0":1,"1":1,"2":1,"3":1,"4":1,"5":1,"6":1,"7":1,"8":1,"9":1,"10":1,"11":1,"12":1,"13":1,"14":0,"15":0,"16":1},"f":{"0":1,"1":0},"b":{"0":[1,1],"1":[0,1]},"_coverageSchema":"1a1c01bbd47fc00a2c39e90264f33305004495a9","hash":"dc680f2d5081a17988efc7e0bcf9ffcf35c242b0"}
,"/Users/rohanvachheta/Downloads/abha-sync/services/ai-extraction/src/routes/extraction.js": {"path":"/Users/rohanvachheta/Downloads/abha-sync/services/ai-extraction/src/routes/extraction.js","statementMap":{"0":{"start":{"line":1,"column":16},"end":{"line":1,"column":34}},"1":{"start":{"line":2,"column":44},"end":{"line":2,"column":72}},"2":{"start":{"line":3,"column":31},"end":{"line":3,"column":63}},"3":{"start":{"line":5,"column":15},"end":{"line":5,"column":31}},"4":{"start":{"line":7,"column":0},"end":{"line":11,"column":4}},"5":{"start":{"line":8,"column":19},"end":{"line":8,"column":27}},"6":{"start":{"line":9,"column":17},"end":{"line":9,"column":41}},"7":{"start":{"line":10,"column":2},"end":{"line":10,"column":44}},"8":{"start":{"line":13,"column":0},"end":{"line":13,"column":24}}},"fnMap":{"0":{"name":"(anonymous_0)","decl":{"start":{"line":7,"column":60},"end":{"line":7,"column":61}},"loc":{"start":{"line":7,"column":80},"end":{"line":11,"column":1}},"line":7}},"branchMap":{},"s":{"0":1,"1":1,"2":1,"3":1,"4":1,"5":1,"6":1,"7":1,"8":1},"f":{"0":1},"b":{},"_coverageSchema":"1a1c01bbd47fc00a2c39e90264f33305004495a9","hash":"d358d2f2b874497370a11b23cedb2d82b54f7f66"}
,"/Users/rohanvachheta/Downloads/abha-sync/services/ai-extraction/src/services/extractor.js": {"path":"/Users/rohanvachheta/Downloads/abha-sync/services/ai-extraction/src/services/extractor.js","statementMap":{"0":{"start":{"line":9,"column":24},"end":{"line":9,"column":82}},"1":{"start":{"line":10,"column":27},"end":{"line":10,"column":107}},"2":{"start":{"line":11,"column":26},"end":{"line":11,"column":101}},"3":{"start":{"line":12,"column":23},"end":{"line":12,"column":57}},"4":{"start":{"line":13,"column":26},"end":{"line":13,"column":105}},"5":{"start":{"line":14,"column":26},"end":{"line":14,"column":121}},"6":{"start":{"line":15,"column":24},"end":{"line":15,"column":124}},"7":{"start":{"line":16,"column":25},"end":{"line":16,"column":89}},"8":{"start":{"line":17,"column":21},"end":{"line":17,"column":59}},"9":{"start":{"line":20,"column":24},"end":{"line":31,"column":1}},"10":{"start":{"line":34,"column":18},"end":{"line":34,"column":53}},"11":{"start":{"line":35,"column":2},"end":{"line":37,"column":3}},"12":{"start":{"line":36,"column":4},"end":{"line":36,"column":42}},"13":{"start":{"line":38,"column":2},"end":{"line":38,"column":37}},"14":{"start":{"line":42,"column":18},"end":{"line":42,"column":53}},"15":{"start":{"line":43,"column":2},"end":{"line":45,"column":3}},"16":{"start":{"line":44,"column":4},"end":{"line":44,"column":51}},"17":{"start":{"line":46,"column":2},"end":{"line":46,"column":36}},"18":{"start":{"line":50,"column":18},"end":{"line":50,"column":56}},"19":{"start":{"line":51,"column":2},"end":{"line":53,"column":3}},"20":{"start":{"line":52,"column":4},"end":{"line":52,"column":43}},"21":{"start":{"line":52,"column":30},"end":{"line":52,"column":41}},"22":{"start":{"line":55,"column":21},"end":{"line":55,"column":106}},"23":{"start":{"line":56,"column":16},"end":{"line":56,"column":72}},"24":{"start":{"line":56,"column":41},"end":{"line":56,"column":71}},"25":{"start":{"line":57,"column":2},"end":{"line":57,"column":112}},"26":{"start":{"line":57,"column":45},"end":{"line":57,"column":83}},"27":{"start":{"line":61,"column":20},"end":{"line":61,"column":22}},"28":{"start":{"line":62,"column":20},"end":{"line":62,"column":38}},"29":{"start":{"line":65,"column":2},"end":{"line":69,"column":3}},"30":{"start":{"line":66,"column":4},"end":{"line":68,"column":5}},"31":{"start":{"line":67,"column":6},"end":{"line":67,"column":38}},"32":{"start":{"line":72,"column":21},"end":{"line":72,"column":58}},"33":{"start":{"line":73,"column":2},"end":{"line":87,"column":3}},"34":{"start":{"line":74,"column":20},"end":{"line":74,"column":35}},"35":{"start":{"line":75,"column":24},"end":{"line":75,"column":53}},"36":{"start":{"line":76,"column":22},"end":{"line":76,"column":54}},"37":{"start":{"line":78,"column":20},"end":{"line":78,"column":43}},"38":{"start":{"line":79,"column":4},"end":{"line":86,"column":5}},"39":{"start":{"line":79,"column":42},"end":{"line":79,"column":88}},"40":{"start":{"line":80,"column":6},"end":{"line":85,"column":9}},"41":{"start":{"line":89,"column":2},"end":{"line":89,"column":118}},"42":{"start":{"line":93,"column":20},"end":{"line":93,"column":22}},"43":{"start":{"line":94,"column":18},"end":{"line":94,"column":55}},"44":{"start":{"line":96,"column":2},"end":{"line":102,"column":3}},"45":{"start":{"line":97,"column":4},"end":{"line":101,"column":7}},"46":{"start":{"line":105,"column":21},"end":{"line":112,"column":3}},"47":{"start":{"line":114,"column":20},"end":{"line":114,"column":38}},"48":{"start":{"line":115,"column":2},"end":{"line":125,"column":3}},"49":{"start":{"line":116,"column":4},"end":{"line":124,"column":5}},"50":{"start":{"line":116,"column":58},"end":{"line":116,"column":91}},"51":{"start":{"line":117,"column":25},"end":{"line":117,"column":82}},"52":{"start":{"line":118,"column":6},"end":{"line":123,"column":7}},"53":{"start":{"line":119,"column":8},"end":{"line":122,"column":11}},"54":{"start":{"line":127,"column":2},"end":{"line":127,"column":19}},"55":{"start":{"line":131,"column":14},"end":{"line":131,"column":17}},"56":{"start":{"line":133,"column":2},"end":{"line":133,"column":65}},"57":{"start":{"line":133,"column":52},"end":{"line":133,"column":65}},"58":{"start":{"line":134,"column":2},"end":{"line":134,"column":63}},"59":{"start":{"line":134,"column":50},"end":{"line":134,"column":63}},"60":{"start":{"line":135,"column":2},"end":{"line":135,"column":104}},"61":{"start":{"line":135,"column":91},"end":{"line":135,"column":104}},"62":{"start":{"line":136,"column":2},"end":{"line":136,"column":104}},"63":{"start":{"line":136,"column":91},"end":{"line":136,"column":104}},"64":{"start":{"line":137,"column":2},"end":{"line":137,"column":51}},"65":{"start":{"line":137,"column":38},"end":{"line":137,"column":51}},"66":{"start":{"line":139,"column":2},"end":{"line":139,"column":30}},"67":{"start":{"line":143,"column":2},"end":{"line":153,"column":3}},"68":{"start":{"line":144,"column":4},"end":{"line":152,"column":6}},"69":{"start":{"line":155,"column":18},"end":{"line":155,"column":38}},"70":{"start":{"line":156,"column":17},"end":{"line":156,"column":36}},"71":{"start":{"line":157,"column":20},"end":{"line":157,"column":42}},"72":{"start":{"line":158,"column":20},"end":{"line":158,"column":42}},"73":{"start":{"line":159,"column":20},"end":{"line":159,"column":42}},"74":{"start":{"line":161,"column":20},"end":{"line":161,"column":72}},"75":{"start":{"line":162,"column":26},"end":{"line":162,"column":56}},"76":{"start":{"line":164,"column":2},"end":{"line":168,"column":4}},"77":{"start":{"line":171,"column":0},"end":{"line":171,"column":40}}},"fnMap":{"0":{"name":"extractPatient","decl":{"start":{"line":33,"column":9},"end":{"line":33,"column":23}},"loc":{"start":{"line":33,"column":30},"end":{"line":39,"column":1}},"line":33},"1":{"name":"extractDoctor","decl":{"start":{"line":41,"column":9},"end":{"line":41,"column":22}},"loc":{"start":{"line":41,"column":29},"end":{"line":47,"column":1}},"line":41},"2":{"name":"extractDiagnosis","decl":{"start":{"line":49,"column":9},"end":{"line":49,"column":25}},"loc":{"start":{"line":49,"column":32},"end":{"line":58,"column":1}},"line":49},"3":{"name":"(anonymous_3)","decl":{"start":{"line":52,"column":23},"end":{"line":52,"column":24}},"loc":{"start":{"line":52,"column":30},"end":{"line":52,"column":41}},"line":52},"4":{"name":"(anonymous_4)","decl":{"start":{"line":56,"column":34},"end":{"line":56,"column":35}},"loc":{"start":{"line":56,"column":41},"end":{"line":56,"column":71}},"line":56},"5":{"name":"(anonymous_5)","decl":{"start":{"line":57,"column":38},"end":{"line":57,"column":39}},"loc":{"start":{"line":57,"column":45},"end":{"line":57,"column":83}},"line":57},"6":{"name":"extractMedicines","decl":{"start":{"line":60,"column":9},"end":{"line":60,"column":25}},"loc":{"start":{"line":60,"column":32},"end":{"line":90,"column":1}},"line":60},"7":{"name":"(anonymous_7)","decl":{"start":{"line":79,"column":35},"end":{"line":79,"column":36}},"loc":{"start":{"line":79,"column":42},"end":{"line":79,"column":88}},"line":79},"8":{"name":"extractLabValues","decl":{"start":{"line":92,"column":9},"end":{"line":92,"column":25}},"loc":{"start":{"line":92,"column":32},"end":{"line":128,"column":1}},"line":92},"9":{"name":"(anonymous_9)","decl":{"start":{"line":116,"column":51},"end":{"line":116,"column":52}},"loc":{"start":{"line":116,"column":58},"end":{"line":116,"column":91}},"line":116},"10":{"name":"calculateConfidence","decl":{"start":{"line":130,"column":9},"end":{"line":130,"column":28}},"loc":{"start":{"line":130,"column":40},"end":{"line":140,"column":1}},"line":130},"11":{"name":"extractMedicalData","decl":{"start":{"line":142,"column":9},"end":{"line":142,"column":27}},"loc":{"start":{"line":142,"column":34},"end":{"line":169,"column":1}},"line":142}},"branchMap":{"0":{"loc":{"start":{"line":35,"column":2},"end":{"line":37,"column":3}},"type":"if","locations":[{"start":{"line":35,"column":2},"end":{"line":37,"column":3}},{"start":{},"end":{}}],"line":35},"1":{"loc":{"start":{"line":43,"column":2},"end":{"line":45,"column":3}},"type":"if","locations":[{"start":{"line":43,"column":2},"end":{"line":45,"column":3}},{"start":{},"end":{}}],"line":43},"2":{"loc":{"start":{"line":51,"column":2},"end":{"line":53,"column":3}},"type":"if","locations":[{"start":{"line":51,"column":2},"end":{"line":53,"column":3}},{"start":{},"end":{}}],"line":51},"3":{"loc":{"start":{"line":57,"column":9},"end":{"line":57,"column":111}},"type":"cond-expr","locations":[{"start":{"line":57,"column":28},"end":{"line":57,"column":84}},{"start":{"line":57,"column":87},"end":{"line":57,"column":111}}],"line":57},"4":{"loc":{"start":{"line":66,"column":4},"end":{"line":68,"column":5}},"type":"if","locations":[{"start":{"line":66,"column":4},"end":{"line":68,"column":5}},{"start":{},"end":{}}],"line":66},"5":{"loc":{"start":{"line":79,"column":4},"end":{"line":86,"column":5}},"type":"if","locations":[{"start":{"line":79,"column":4},"end":{"line":86,"column":5}},{"start":{},"end":{}}],"line":79},"6":{"loc":{"start":{"line":79,"column":8},"end":{"line":79,"column":89}},"type":"binary-expr","locations":[{"start":{"line":79,"column":8},"end":{"line":79,"column":15}},{"start":{"line":79,"column":19},"end":{"line":79,"column":89}}],"line":79},"7":{"loc":{"start":{"line":82,"column":16},"end":{"line":82,"column":60}},"type":"cond-expr","locations":[{"start":{"line":82,"column":30},"end":{"line":82,"column":44}},{"start":{"line":82,"column":47},"end":{"line":82,"column":60}}],"line":82},"8":{"loc":{"start":{"line":83,"column":19},"end":{"line":83,"column":59}},"type":"cond-expr","locations":[{"start":{"line":83,"column":31},"end":{"line":83,"column":43}},{"start":{"line":83,"column":46},"end":{"line":83,"column":59}}],"line":83},"9":{"loc":{"start":{"line":89,"column":9},"end":{"line":89,"column":117}},"type":"cond-expr","locations":[{"start":{"line":89,"column":32},"end":{"line":89,"column":41}},{"start":{"line":89,"column":44},"end":{"line":89,"column":117}}],"line":89},"10":{"loc":{"start":{"line":116,"column":4},"end":{"line":124,"column":5}},"type":"if","locations":[{"start":{"line":116,"column":4},"end":{"line":124,"column":5}},{"start":{},"end":{}}],"line":116},"11":{"loc":{"start":{"line":116,"column":8},"end":{"line":116,"column":92}},"type":"binary-expr","locations":[{"start":{"line":116,"column":8},"end":{"line":116,"column":31}},{"start":{"line":116,"column":35},"end":{"line":116,"column":92}}],"line":116},"12":{"loc":{"start":{"line":118,"column":6},"end":{"line":123,"column":7}},"type":"if","locations":[{"start":{"line":118,"column":6},"end":{"line":123,"column":7}},{"start":{},"end":{}}],"line":118},"13":{"loc":{"start":{"line":133,"column":2},"end":{"line":133,"column":65}},"type":"if","locations":[{"start":{"line":133,"column":2},"end":{"line":133,"column":65}},{"start":{},"end":{}}],"line":133},"14":{"loc":{"start":{"line":134,"column":2},"end":{"line":134,"column":63}},"type":"if","locations":[{"start":{"line":134,"column":2},"end":{"line":134,"column":63}},{"start":{},"end":{}}],"line":134},"15":{"loc":{"start":{"line":135,"column":2},"end":{"line":135,"column":104}},"type":"if","locations":[{"start":{"line":135,"column":2},"end":{"line":135,"column":104}},{"start":{},"end":{}}],"line":135},"16":{"loc":{"start":{"line":135,"column":6},"end":{"line":135,"column":89}},"type":"binary-expr","locations":[{"start":{"line":135,"column":6},"end":{"line":135,"column":36}},{"start":{"line":135,"column":40},"end":{"line":135,"column":89}}],"line":135},"17":{"loc":{"start":{"line":136,"column":2},"end":{"line":136,"column":104}},"type":"if","locations":[{"start":{"line":136,"column":2},"end":{"line":136,"column":104}},{"start":{},"end":{}}],"line":136},"18":{"loc":{"start":{"line":136,"column":6},"end":{"line":136,"column":89}},"type":"binary-expr","locations":[{"start":{"line":136,"column":6},"end":{"line":136,"column":36}},{"start":{"line":136,"column":40},"end":{"line":136,"column":89}}],"line":136},"19":{"loc":{"start":{"line":137,"column":2},"end":{"line":137,"column":51}},"type":"if","locations":[{"start":{"line":137,"column":2},"end":{"line":137,"column":51}},{"start":{},"end":{}}],"line":137},"20":{"loc":{"start":{"line":143,"column":2},"end":{"line":153,"column":3}},"type":"if","locations":[{"start":{"line":143,"column":2},"end":{"line":153,"column":3}},{"start":{},"end":{}}],"line":143},"21":{"loc":{"start":{"line":143,"column":6},"end":{"line":143,"column":39}},"type":"binary-expr","locations":[{"start":{"line":143,"column":6},"end":{"line":143,"column":11}},{"start":{"line":143,"column":15},"end":{"line":143,"column":39}}],"line":143}},"s":{"0":2,"1":2,"2":2,"3":2,"4":2,"5":2,"6":2,"7":2,"8":2,"9":2,"10":11,"11":11,"12":3,"13":8,"14":11,"15":11,"16":3,"17":8,"18":11,"19":11,"20":4,"21":4,"22":7,"23":7,"24":49,"25":7,"26":4,"27":11,"28":11,"29":11,"30":110,"31":7,"32":11,"33":11,"34":5,"35":5,"36":5,"37":5,"38":5,"39":6,"40":3,"41":11,"42":11,"43":11,"44":11,"45":3,"46":11,"47":11,"48":11,"49":66,"50":5,"51":2,"52":2,"53":2,"54":11,"55":11,"56":11,"57":3,"58":11,"59":3,"60":11,"61":7,"62":11,"63":5,"64":11,"65":2,"66":11,"67":13,"68":2,"69":11,"70":11,"71":11,"72":11,"73":11,"74":11,"75":11,"76":11,"77":2},"f":{"0":11,"1":11,"2":11,"3":4,"4":49,"5":4,"6":11,"7":6,"8":11,"9":5,"10":11,"11":13},"b":{"0":[3,8],"1":[3,8],"2":[4,7],"3":[3,4],"4":[7,103],"5":[3,2],"6":[5,5],"7":[0,3],"8":[0,3],"9":[5,6],"10":[2,64],"11":[66,3],"12":[2,0],"13":[3,8],"14":[3,8],"15":[7,4],"16":[11,11],"17":[5,6],"18":[11,11],"19":[2,9],"20":[2,11],"21":[13,11]},"_coverageSchema":"1a1c01bbd47fc00a2c39e90264f33305004495a9","hash":"a26c0dc1b0bf2dc1826f74a0cb01c2713ddaf9f5"}
}
