TN:
SF:src/index.js
FN:14,(anonymous_0)
FN:25,(anonymous_1)
FNF:2
FNH:1
FNDA:1,(anonymous_0)
FNDA:0,(anonymous_1)
DA:1,1
DA:2,1
DA:3,1
DA:4,1
DA:6,1
DA:7,1
DA:9,1
DA:10,1
DA:11,1
DA:14,1
DA:15,1
DA:19,1
DA:22,1
DA:24,1
DA:25,0
DA:26,0
DA:30,1
LF:17
LH:15
BRDA:7,0,0,1
BRDA:7,0,1,1
BRDA:24,1,0,0
BRDA:24,1,1,1
BRF:4
BRH:3
end_of_record
TN:
SF:src/routes/extraction.js
FN:7,(anonymous_0)
FNF:1
FNH:1
FNDA:1,(anonymous_0)
DA:1,1
DA:2,1
DA:3,1
DA:5,1
DA:7,1
DA:8,1
DA:9,1
DA:10,1
DA:13,1
LF:9
LH:9
BRF:0
BRH:0
end_of_record
TN:
SF:src/services/extractor.js
FN:33,extractPatient
FN:41,extractDoctor
FN:49,extractDiagnosis
FN:52,(anonymous_3)
FN:56,(anonymous_4)
FN:57,(anonymous_5)
FN:60,extractMedicines
FN:79,(anonymous_7)
FN:92,extractLabValues
FN:116,(anonymous_9)
FN:130,calculateConfidence
FN:142,extractMedicalData
FNF:12
FNH:12
FNDA:11,extractPatient
FNDA:11,extractDoctor
FNDA:11,extractDiagnosis
FNDA:4,(anonymous_3)
FNDA:49,(anonymous_4)
FNDA:4,(anonymous_5)
FNDA:11,extractMedicines
FNDA:6,(anonymous_7)
FNDA:11,extractLabValues
FNDA:5,(anonymous_9)
FNDA:11,calculateConfidence
FNDA:13,extractMedicalData
DA:9,2
DA:10,2
DA:11,2
DA:12,2
DA:13,2
DA:14,2
DA:15,2
DA:16,2
DA:17,2
DA:20,2
DA:34,11
DA:35,11
DA:36,3
DA:38,8
DA:42,11
DA:43,11
DA:44,3
DA:46,8
DA:50,11
DA:51,11
DA:52,4
DA:55,7
DA:56,49
DA:57,7
DA:61,11
DA:62,11
DA:65,11
DA:66,110
DA:67,7
DA:72,11
DA:73,11
DA:74,5
DA:75,5
DA:76,5
DA:78,5
DA:79,6
DA:80,3
DA:89,11
DA:93,11
DA:94,11
DA:96,11
DA:97,3
DA:105,11
DA:114,11
DA:115,11
DA:116,66
DA:117,2
DA:118,2
DA:119,2
DA:127,11
DA:131,11
DA:133,11
DA:134,11
DA:135,11
DA:136,11
DA:137,11
DA:139,11
DA:143,13
DA:144,2
DA:155,11
DA:156,11
DA:157,11
DA:158,11
DA:159,11
DA:161,11
DA:162,11
DA:164,11
DA:171,2
LF:68
LH:68
BRDA:35,0,0,3
BRDA:35,0,1,8
BRDA:43,1,0,3
BRDA:43,1,1,8
BRDA:51,2,0,4
BRDA:51,2,1,7
BRDA:57,3,0,3
BRDA:57,3,1,4
BRDA:66,4,0,7
BRDA:66,4,1,103
BRDA:79,5,0,3
BRDA:79,5,1,2
BRDA:79,6,0,5
BRDA:79,6,1,5
BRDA:82,7,0,0
BRDA:82,7,1,3
BRDA:83,8,0,0
BRDA:83,8,1,3
BRDA:89,9,0,5
BRDA:89,9,1,6
BRDA:116,10,0,2
BRDA:116,10,1,64
BRDA:116,11,0,66
BRDA:116,11,1,3
BRDA:118,12,0,2
BRDA:118,12,1,0
BRDA:133,13,0,3
BRDA:133,13,1,8
BRDA:134,14,0,3
BRDA:134,14,1,8
BRDA:135,15,0,7
BRDA:135,15,1,4
BRDA:135,16,0,11
BRDA:135,16,1,11
BRDA:136,17,0,5
BRDA:136,17,1,6
BRDA:136,18,0,11
BRDA:136,18,1,11
BRDA:137,19,0,2
BRDA:137,19,1,9
BRDA:143,20,0,2
BRDA:143,20,1,11
BRDA:143,21,0,13
BRDA:143,21,1,11
BRF:44
BRH:41
end_of_record
