<?xml version="1.0" encoding="UTF-8"?>
<coverage generated="1772300847779" clover="3.2.0">
  <project timestamp="1772300847779" name="All files">
    <metrics statements="71" coveredstatements="69" conditionals="60" coveredconditionals="58" methods="9" coveredmethods="8" elements="140" coveredelements="135" complexity="0" loc="71" ncloc="71" packages="3" files="3" classes="3"/>
    <package name="src">
      <metrics statements="17" coveredstatements="15" conditionals="4" coveredconditionals="3" methods="2" coveredmethods="1"/>
      <file name="index.js" path="/Users/rohanvachheta/Downloads/abha-sync/services/medical-normalization/src/index.js">
        <metrics statements="17" coveredstatements="15" conditionals="4" coveredconditionals="3" methods="2" coveredmethods="1"/>
        <line num="1" count="1" type="stmt"/>
        <line num="2" count="1" type="stmt"/>
        <line num="3" count="1" type="stmt"/>
        <line num="4" count="1" type="stmt"/>
        <line num="6" count="1" type="stmt"/>
        <line num="7" count="1" type="cond" truecount="2" falsecount="0"/>
        <line num="9" count="1" type="stmt"/>
        <line num="10" count="1" type="stmt"/>
        <line num="11" count="1" type="stmt"/>
        <line num="14" count="1" type="stmt"/>
        <line num="15" count="1" type="stmt"/>
        <line num="19" count="1" type="stmt"/>
        <line num="22" count="1" type="stmt"/>
        <line num="24" count="1" type="cond" truecount="1" falsecount="1"/>
        <line num="25" count="0" type="stmt"/>
        <line num="26" count="0" type="stmt"/>
        <line num="30" count="1" type="stmt"/>
      </file>
    </package>
    <package name="src.routes">
      <metrics statements="10" coveredstatements="10" conditionals="2" coveredconditionals="2" methods="1" coveredmethods="1"/>
      <file name="normalization.js" path="/Users/rohanvachheta/Downloads/abha-sync/services/medical-normalization/src/routes/normalization.js">
        <metrics statements="10" coveredstatements="10" conditionals="2" coveredconditionals="2" methods="1" coveredmethods="1"/>
        <line num="1" count="1" type="stmt"/>
        <line num="2" count="1" type="stmt"/>
        <line num="3" count="1" type="stmt"/>
        <line num="5" count="1" type="stmt"/>
        <line num="7" count="1" type="stmt"/>
        <line num="8" count="2" type="stmt"/>
        <line num="10" count="2" type="stmt"/>
        <line num="11" count="2" type="cond" truecount="2" falsecount="0"/>
        <line num="13" count="2" type="stmt"/>
        <line num="22" count="1" type="stmt"/>
      </file>
    </package>
    <package name="src.services">
      <metrics statements="44" coveredstatements="44" conditionals="54" coveredconditionals="53" methods="6" coveredmethods="6"/>
      <file name="normalizer.js" path="/Users/rohanvachheta/Downloads/abha-sync/services/medical-normalization/src/services/normalizer.js">
        <metrics statements="44" coveredstatements="44" conditionals="54" coveredconditionals="53" methods="6" coveredmethods="6"/>
        <line num="10" count="2" type="stmt"/>
        <line num="42" count="2" type="stmt"/>
        <line num="64" count="2" type="stmt"/>
        <line num="92" count="118" type="stmt"/>
        <line num="93" count="118" type="stmt"/>
        <line num="95" count="118" type="cond" truecount="2" falsecount="0"/>
        <line num="96" count="116" type="cond" truecount="4" falsecount="0"/>
        <line num="98" count="115" type="stmt"/>
        <line num="99" count="115" type="stmt"/>
        <line num="100" count="115" type="stmt"/>
        <line num="101" count="30612" type="cond" truecount="4" falsecount="0"/>
        <line num="104" count="115" type="stmt"/>
        <line num="105" count="2265" type="stmt"/>
        <line num="106" count="26903" type="cond" truecount="2" falsecount="0"/>
        <line num="107" count="26903" type="stmt"/>
        <line num="115" count="115" type="stmt"/>
        <line num="116" count="115" type="cond" truecount="1" falsecount="1"/>
        <line num="123" count="24" type="stmt"/>
        <line num="126" count="24" type="cond" truecount="2" falsecount="0"/>
        <line num="127" count="18" type="stmt"/>
        <line num="131" count="6" type="stmt"/>
        <line num="132" count="6" type="stmt"/>
        <line num="133" count="6" type="stmt"/>
        <line num="135" count="6" type="stmt"/>
        <line num="136" count="114" type="stmt"/>
        <line num="137" count="114" type="cond" truecount="4" falsecount="0"/>
        <line num="138" count="2" type="stmt"/>
        <line num="139" count="2" type="stmt"/>
        <line num="140" count="2" type="stmt"/>
        <line num="144" count="6" type="cond" truecount="2" falsecount="0"/>
        <line num="145" count="2" type="stmt"/>
        <line num="148" count="4" type="stmt"/>
        <line num="155" count="10" type="cond" truecount="4" falsecount="0"/>
        <line num="156" count="2" type="stmt"/>
        <line num="164" count="8" type="stmt"/>
        <line num="165" count="8" type="stmt"/>
        <line num="167" count="8" type="stmt"/>
        <line num="182" count="8" type="cond" truecount="4" falsecount="0"/>
        <line num="183" count="2" type="stmt"/>
        <line num="186" count="6" type="stmt"/>
        <line num="188" count="6" type="cond" truecount="2" falsecount="0"/>
        <line num="189" count="5" type="stmt"/>
        <line num="202" count="1" type="stmt"/>
        <line num="215" count="2" type="stmt"/>
      </file>
    </package>
  </project>
</coverage>
