{"/Users/rohanvachheta/Downloads/abha-sync/services/medical-normalization/src/index.js": {"path":"/Users/rohanvachheta/Downloads/abha-sync/services/medical-normalization/src/index.js","statementMap":{"0":{"start":{"line":1,"column":16},"end":{"line":1,"column":34}},"1":{"start":{"line":2,"column":13},"end":{"line":2,"column":28}},"2":{"start":{"line":3,"column":46},"end":{"line":3,"column":74}},"3":{"start":{"line":4,"column":28},"end":{"line":4,"column":61}},"4":{"start":{"line":6,"column":12},"end":{"line":6,"column":21}},"5":{"start":{"line":7,"column":13},"end":{"line":7,"column":37}},"6":{"start":{"line":9,"column":0},"end":{"line":9,"column":16}},"7":{"start":{"line":10,"column":0},"end":{"line":10,"column":24}},"8":{"start":{"line":11,"column":0},"end":{"line":11,"column":59}},"9":{"start":{"line":14,"column":0},"end":{"line":16,"column":3}},"10":{"start":{"line":15,"column":2},"end":{"line":15,"column":105}},"11":{"start":{"line":19,"column":0},"end":{"line":19,"column":43}},"12":{"start":{"line":22,"column":0},"end":{"line":22,"column":22}},"13":{"start":{"line":24,"column":0},"end":{"line":28,"column":1}},"14":{"start":{"line":25,"column":2},"end":{"line":27,"column":5}},"15":{"start":{"line":26,"column":4},"end":{"line":26,"column":73}},"16":{"start":{"line":30,"column":0},"end":{"line":30,"column":21}}},"fnMap":{"0":{"name":"(anonymous_0)","decl":{"start":{"line":14,"column":19},"end":{"line":14,"column":20}},"loc":{"start":{"line":14,"column":34},"end":{"line":16,"column":1}},"line":14},"1":{"name":"(anonymous_1)","decl":{"start":{"line":25,"column":19},"end":{"line":25,"column":20}},"loc":{"start":{"line":25,"column":25},"end":{"line":27,"column":3}},"line":25}},"branchMap":{"0":{"loc":{"start":{"line":7,"column":13},"end":{"line":7,"column":37}},"type":"binary-expr","locations":[{"start":{"line":7,"column":13},"end":{"line":7,"column":29}},{"start":{"line":7,"column":33},"end":{"line":7,"column":37}}],"line":7},"1":{"loc":{"start":{"line":24,"column":0},"end":{"line":28,"column":1}},"type":"if","locations":[{"start":{"line":24,"column":0},"end":{"line":28,"column":1}},{"start":{},"end":{}}],"line":24}},"s":{"0":1,"1":1,"2":1,"3":1,"4":1,"5":1,"6":1,"7":1,"8":1,"9":1,"10":1,"11":1,"12":1,"13":1,"14":0,"15":0,"16":1},"f":{"0":1,"1":0},"b":{"0":[1,1],"1":[0,1]},"_coverageSchema":"1a1c01bbd47fc00a2c39e90264f33305004495a9","hash":"4454000889623d4d702e38a0ef71616f98876619"}
,"/Users/rohanvachheta/Downloads/abha-sync/services/medical-normalization/src/routes/normalization.js": {"path":"/Users/rohanvachheta/Downloads/abha-sync/services/medical-normalization/src/routes/normalization.js","statementMap":{"0":{"start":{"line":1,"column":16},"end":{"line":1,"column":34}},"1":{"start":{"line":2,"column":44},"end":{"line":2,"column":72}},"2":{"start":{"line":3,"column":51},"end":{"line":3,"column":84}},"3":{"start":{"line":5,"column":15},"end":{"line":5,"column":31}},"4":{"start":{"line":7,"column":0},"end":{"line":20,"column":4}},"5":{"start":{"line":8,"column":35},"end":{"line":8,"column":43}},"6":{"start":{"line":10,"column":30},"end":{"line":10,"column":59}},"7":{"start":{"line":11,"column":30},"end":{"line":11,"column":80}},"8":{"start":{"line":13,"column":2},"end":{"line":19,"column":5}},"9":{"start":{"line":22,"column":0},"end":{"line":22,"column":24}}},"fnMap":{"0":{"name":"(anonymous_0)","decl":{"start":{"line":7,"column":63},"end":{"line":7,"column":64}},"loc":{"start":{"line":7,"column":83},"end":{"line":20,"column":1}},"line":7}},"branchMap":{"0":{"loc":{"start":{"line":11,"column":30},"end":{"line":11,"column":80}},"type":"cond-expr","locations":[{"start":{"line":11,"column":42},"end":{"line":11,"column":75}},{"start":{"line":11,"column":78},"end":{"line":11,"column":80}}],"line":11}},"s":{"0":1,"1":1,"2":1,"3":1,"4":1,"5":2,"6":2,"7":2,"8":2,"9":1},"f":{"0":2},"b":{"0":[1,1]},"_coverageSchema":"1a1c01bbd47fc00a2c39e90264f33305004495a9","hash":"2c62fb637f138a06379a0c790eee82b3567f10c4"}
,"/Users/rohanvachheta/Downloads/abha-sync/services/medical-normalization/src/services/normalizer.js": {"path":"/Users/rohanvachheta/Downloads/abha-sync/services/medical-normalization/src/services/normalizer.js","statementMap":{"0":{"start":{"line":10,"column":20},"end":{"line":39,"column":1}},"1":{"start":{"line":42,"column":21},"end":{"line":61,"column":1}},"2":{"start":{"line":64,"column":25},"end":{"line":86,"column":1}},"3":{"start":{"line":92,"column":13},"end":{"line":92,"column":31}},"4":{"start":{"line":93,"column":13},"end":{"line":93,"column":31}},"5":{"start":{"line":95,"column":2},"end":{"line":95,"column":28}},"6":{"start":{"line":95,"column":17},"end":{"line":95,"column":28}},"7":{"start":{"line":96,"column":2},"end":{"line":96,"column":53}},"8":{"start":{"line":96,"column":42},"end":{"line":96,"column":53}},"9":{"start":{"line":98,"column":15},"end":{"line":98,"column":24}},"10":{"start":{"line":99,"column":15},"end":{"line":99,"column":24}},"11":{"start":{"line":100,"column":17},"end":{"line":102,"column":3}},"12":{"start":{"line":101,"column":4},"end":{"line":101,"column":79}},"13":{"start":{"line":101,"column":48},"end":{"line":101,"column":77}},"14":{"start":{"line":104,"column":2},"end":{"line":113,"column":3}},"15":{"start":{"line":104,"column":15},"end":{"line":104,"column":16}},"16":{"start":{"line":105,"column":4},"end":{"line":112,"column":5}},"17":{"start":{"line":105,"column":17},"end":{"line":105,"column":18}},"18":{"start":{"line":106,"column":19},"end":{"line":106,"column":50}},"19":{"start":{"line":107,"column":6},"end":{"line":111,"column":8}},"20":{"start":{"line":115,"column":17},"end":{"line":115,"column":37}},"21":{"start":{"line":116,"column":2},"end":{"line":116,"column":64}},"22":{"start":{"line":123,"column":20},"end":{"line":123,"column":45}},"23":{"start":{"line":126,"column":2},"end":{"line":128,"column":3}},"24":{"start":{"line":127,"column":4},"end":{"line":127,"column":85}},"25":{"start":{"line":131,"column":18},"end":{"line":131,"column":22}},"26":{"start":{"line":132,"column":18},"end":{"line":132,"column":19}},"27":{"start":{"line":133,"column":17},"end":{"line":133,"column":19}},"28":{"start":{"line":135,"column":2},"end":{"line":142,"column":3}},"29":{"start":{"line":136,"column":18},"end":{"line":136,"column":44}},"30":{"start":{"line":137,"column":4},"end":{"line":141,"column":5}},"31":{"start":{"line":138,"column":6},"end":{"line":138,"column":24}},"32":{"start":{"line":139,"column":6},"end":{"line":139,"column":34}},"33":{"start":{"line":140,"column":6},"end":{"line":140,"column":21}},"34":{"start":{"line":144,"column":2},"end":{"line":146,"column":3}},"35":{"start":{"line":145,"column":4},"end":{"line":145,"column":102}},"36":{"start":{"line":148,"column":2},"end":{"line":148,"column":14}},"37":{"start":{"line":155,"column":2},"end":{"line":162,"column":3}},"38":{"start":{"line":156,"column":4},"end":{"line":161,"column":6}},"39":{"start":{"line":164,"column":20},"end":{"line":164,"column":57}},"40":{"start":{"line":165,"column":23},"end":{"line":165,"column":61}},"41":{"start":{"line":167,"column":2},"end":{"line":175,"column":4}},"42":{"start":{"line":182,"column":2},"end":{"line":184,"column":3}},"43":{"start":{"line":183,"column":4},"end":{"line":183,"column":97}},"44":{"start":{"line":186,"column":17},"end":{"line":186,"column":63}},"45":{"start":{"line":188,"column":2},"end":{"line":200,"column":3}},"46":{"start":{"line":189,"column":4},"end":{"line":199,"column":6}},"47":{"start":{"line":202,"column":2},"end":{"line":212,"column":4}},"48":{"start":{"line":215,"column":0},"end":{"line":215,"column":87}}},"fnMap":{"0":{"name":"similarity","decl":{"start":{"line":91,"column":9},"end":{"line":91,"column":19}},"loc":{"start":{"line":91,"column":32},"end":{"line":117,"column":1}},"line":91},"1":{"name":"(anonymous_1)","decl":{"start":{"line":100,"column":50},"end":{"line":100,"column":51}},"loc":{"start":{"line":101,"column":4},"end":{"line":101,"column":79}},"line":101},"2":{"name":"(anonymous_2)","decl":{"start":{"line":101,"column":37},"end":{"line":101,"column":38}},"loc":{"start":{"line":101,"column":48},"end":{"line":101,"column":77}},"line":101},"3":{"name":"findBestMatch","decl":{"start":{"line":122,"column":9},"end":{"line":122,"column":22}},"loc":{"start":{"line":122,"column":41},"end":{"line":149,"column":1}},"line":122},"4":{"name":"normalizeDiagnosis","decl":{"start":{"line":154,"column":9},"end":{"line":154,"column":27}},"loc":{"start":{"line":154,"column":39},"end":{"line":176,"column":1}},"line":154},"5":{"name":"normalizeMedicines","decl":{"start":{"line":181,"column":9},"end":{"line":181,"column":27}},"loc":{"start":{"line":181,"column":38},"end":{"line":213,"column":1}},"line":181}},"branchMap":{"0":{"loc":{"start":{"line":95,"column":2},"end":{"line":95,"column":28}},"type":"if","locations":[{"start":{"line":95,"column":2},"end":{"line":95,"column":28}},{"start":{},"end":{}}],"line":95},"1":{"loc":{"start":{"line":96,"column":2},"end":{"line":96,"column":53}},"type":"if","locations":[{"start":{"line":96,"column":2},"end":{"line":96,"column":53}},{"start":{},"end":{}}],"line":96},"2":{"loc":{"start":{"line":96,"column":6},"end":{"line":96,"column":40}},"type":"binary-expr","locations":[{"start":{"line":96,"column":6},"end":{"line":96,"column":21}},{"start":{"line":96,"column":25},"end":{"line":96,"column":40}}],"line":96},"3":{"loc":{"start":{"line":101,"column":48},"end":{"line":101,"column":77}},"type":"cond-expr","locations":[{"start":{"line":101,"column":58},"end":{"line":101,"column":59}},{"start":{"line":101,"column":62},"end":{"line":101,"column":77}}],"line":101},"4":{"loc":{"start":{"line":101,"column":62},"end":{"line":101,"column":77}},"type":"cond-expr","locations":[{"start":{"line":101,"column":72},"end":{"line":101,"column":73}},{"start":{"line":101,"column":76},"end":{"line":101,"column":77}}],"line":101},"5":{"loc":{"start":{"line":106,"column":19},"end":{"line":106,"column":50}},"type":"cond-expr","locations":[{"start":{"line":106,"column":45},"end":{"line":106,"column":46}},{"start":{"line":106,"column":49},"end":{"line":106,"column":50}}],"line":106},"6":{"loc":{"start":{"line":116,"column":9},"end":{"line":116,"column":63}},"type":"cond-expr","locations":[{"start":{"line":116,"column":24},"end":{"line":116,"column":27}},{"start":{"line":116,"column":30},"end":{"line":116,"column":63}}],"line":116},"7":{"loc":{"start":{"line":126,"column":2},"end":{"line":128,"column":3}},"type":"if","locations":[{"start":{"line":126,"column":2},"end":{"line":128,"column":3}},{"start":{},"end":{}}],"line":126},"8":{"loc":{"start":{"line":137,"column":4},"end":{"line":141,"column":5}},"type":"if","locations":[{"start":{"line":137,"column":4},"end":{"line":141,"column":5}},{"start":{},"end":{}}],"line":137},"9":{"loc":{"start":{"line":137,"column":8},"end":{"line":137,"column":41}},"type":"binary-expr","locations":[{"start":{"line":137,"column":8},"end":{"line":137,"column":25}},{"start":{"line":137,"column":29},"end":{"line":137,"column":41}}],"line":137},"10":{"loc":{"start":{"line":144,"column":2},"end":{"line":146,"column":3}},"type":"if","locations":[{"start":{"line":144,"column":2},"end":{"line":146,"column":3}},{"start":{},"end":{}}],"line":144},"11":{"loc":{"start":{"line":155,"column":2},"end":{"line":162,"column":3}},"type":"if","locations":[{"start":{"line":155,"column":2},"end":{"line":162,"column":3}},{"start":{},"end":{}}],"line":155},"12":{"loc":{"start":{"line":155,"column":6},"end":{"line":155,"column":49}},"type":"binary-expr","locations":[{"start":{"line":155,"column":6},"end":{"line":155,"column":16}},{"start":{"line":155,"column":20},"end":{"line":155,"column":49}}],"line":155},"13":{"loc":{"start":{"line":157,"column":16},"end":{"line":157,"column":31}},"type":"binary-expr","locations":[{"start":{"line":157,"column":16},"end":{"line":157,"column":25}},{"start":{"line":157,"column":29},"end":{"line":157,"column":31}}],"line":157},"14":{"loc":{"start":{"line":169,"column":13},"end":{"line":169,"column":53}},"type":"cond-expr","locations":[{"start":{"line":169,"column":25},"end":{"line":169,"column":45}},{"start":{"line":169,"column":48},"end":{"line":169,"column":53}}],"line":169},"15":{"loc":{"start":{"line":170,"column":20},"end":{"line":170,"column":84}},"type":"cond-expr","locations":[{"start":{"line":170,"column":32},"end":{"line":170,"column":59}},{"start":{"line":170,"column":62},"end":{"line":170,"column":84}}],"line":170},"16":{"loc":{"start":{"line":171,"column":16},"end":{"line":171,"column":67}},"type":"cond-expr","locations":[{"start":{"line":171,"column":31},"end":{"line":171,"column":54}},{"start":{"line":171,"column":57},"end":{"line":171,"column":67}}],"line":171},"17":{"loc":{"start":{"line":172,"column":23},"end":{"line":172,"column":80}},"type":"cond-expr","locations":[{"start":{"line":172,"column":38},"end":{"line":172,"column":68}},{"start":{"line":172,"column":71},"end":{"line":172,"column":80}}],"line":172},"18":{"loc":{"start":{"line":173,"column":16},"end":{"line":173,"column":54}},"type":"cond-expr","locations":[{"start":{"line":173,"column":28},"end":{"line":173,"column":48}},{"start":{"line":173,"column":51},"end":{"line":173,"column":54}}],"line":173},"19":{"loc":{"start":{"line":174,"column":17},"end":{"line":174,"column":57}},"type":"cond-expr","locations":[{"start":{"line":174,"column":29},"end":{"line":174,"column":50}},{"start":{"line":174,"column":53},"end":{"line":174,"column":57}}],"line":174},"20":{"loc":{"start":{"line":182,"column":2},"end":{"line":184,"column":3}},"type":"if","locations":[{"start":{"line":182,"column":2},"end":{"line":184,"column":3}},{"start":{},"end":{}}],"line":182},"21":{"loc":{"start":{"line":182,"column":6},"end":{"line":182,"column":33}},"type":"binary-expr","locations":[{"start":{"line":182,"column":6},"end":{"line":182,"column":15}},{"start":{"line":182,"column":19},"end":{"line":182,"column":33}}],"line":182},"22":{"loc":{"start":{"line":188,"column":2},"end":{"line":200,"column":3}},"type":"if","locations":[{"start":{"line":188,"column":2},"end":{"line":200,"column":3}},{"start":{},"end":{}}],"line":188},"23":{"loc":{"start":{"line":193,"column":14},"end":{"line":193,"column":46}},"type":"binary-expr","locations":[{"start":{"line":193,"column":14},"end":{"line":193,"column":29}},{"start":{"line":193,"column":33},"end":{"line":193,"column":46}}],"line":193},"24":{"loc":{"start":{"line":194,"column":17},"end":{"line":194,"column":52}},"type":"binary-expr","locations":[{"start":{"line":194,"column":17},"end":{"line":194,"column":35}},{"start":{"line":194,"column":39},"end":{"line":194,"column":52}}],"line":194},"25":{"loc":{"start":{"line":206,"column":12},"end":{"line":206,"column":44}},"type":"binary-expr","locations":[{"start":{"line":206,"column":12},"end":{"line":206,"column":27}},{"start":{"line":206,"column":31},"end":{"line":206,"column":44}}],"line":206},"26":{"loc":{"start":{"line":207,"column":15},"end":{"line":207,"column":50}},"type":"binary-expr","locations":[{"start":{"line":207,"column":15},"end":{"line":207,"column":33}},{"start":{"line":207,"column":37},"end":{"line":207,"column":50}}],"line":207}},"s":{"0":2,"1":2,"2":2,"3":118,"4":118,"5":118,"6":2,"7":116,"8":1,"9":115,"10":115,"11":115,"12":2380,"13":30612,"14":115,"15":115,"16":2265,"17":2265,"18":26903,"19":26903,"20":115,"21":115,"22":24,"23":24,"24":18,"25":6,"26":6,"27":6,"28":6,"29":114,"30":114,"31":2,"32":2,"33":2,"34":6,"35":2,"36":4,"37":10,"38":2,"39":8,"40":8,"41":8,"42":8,"43":2,"44":6,"45":6,"46":5,"47":1,"48":2},"f":{"0":118,"1":2380,"2":30612,"3":24,"4":10,"5":8},"b":{"0":[2,116],"1":[1,115],"2":[116,116],"3":[1444,29168],"4":[2265,26903],"5":[1555,25348],"6":[0,115],"7":[18,6],"8":[2,112],"9":[114,65],"10":[2,4],"11":[2,8],"12":[10,8],"13":[2,2],"14":[7,1],"15":[7,1],"16":[7,1],"17":[7,1],"18":[7,1],"19":[7,1],"20":[2,6],"21":[8,7],"22":[5,1],"23":[5,1],"24":[5,3],"25":[1,1],"26":[1,1]},"_coverageSchema":"1a1c01bbd47fc00a2c39e90264f33305004495a9","hash":"e53b12b739d6fab1e720bee6a91cf35c11a807f0"}
}
