TN:
SF:src/index.js
FN:14,(anonymous_0)
FN:25,(anonymous_1)
FNF:2
FNH:1
FNDA:1,(anonymous_0)
FNDA:0,(anonymous_1)
DA:1,1
DA:2,1
DA:3,1
DA:4,1
DA:6,1
DA:7,1
DA:9,1
DA:10,1
DA:11,1
DA:14,1
DA:15,1
DA:19,1
DA:22,1
DA:24,1
DA:25,0
DA:26,0
DA:30,1
LF:17
LH:15
BRDA:7,0,0,1
BRDA:7,0,1,1
BRDA:24,1,0,0
BRDA:24,1,1,1
BRF:4
BRH:3
end_of_record
TN:
SF:src/routes/normalization.js
FN:7,(anonymous_0)
FNF:1
FNH:1
FNDA:2,(anonymous_0)
DA:1,1
DA:2,1
DA:3,1
DA:5,1
DA:7,1
DA:8,2
DA:10,2
DA:11,2
DA:13,2
DA:22,1
LF:10
LH:10
BRDA:11,0,0,1
BRDA:11,0,1,1
BRF:2
BRH:2
end_of_record
TN:
SF:src/services/normalizer.js
FN:91,similarity
FN:100,(anonymous_1)
FN:101,(anonymous_2)
FN:122,findBestMatch
FN:154,normalizeDiagnosis
FN:181,normalizeMedicines
FNF:6
FNH:6
FNDA:118,similarity
FNDA:2380,(anonymous_1)
FNDA:30612,(anonymous_2)
FNDA:24,findBestMatch
FNDA:10,normalizeDiagnosis
FNDA:8,normalizeMedicines
DA:10,2
DA:42,2
DA:64,2
DA:92,118
DA:93,118
DA:95,118
DA:96,116
DA:98,115
DA:99,115
DA:100,115
DA:101,30612
DA:104,115
DA:105,2265
DA:106,26903
DA:107,26903
DA:115,115
DA:116,115
DA:123,24
DA:126,24
DA:127,18
DA:131,6
DA:132,6
DA:133,6
DA:135,6
DA:136,114
DA:137,114
DA:138,2
DA:139,2
DA:140,2
DA:144,6
DA:145,2
DA:148,4
DA:155,10
DA:156,2
DA:164,8
DA:165,8
DA:167,8
DA:182,8
DA:183,2
DA:186,6
DA:188,6
DA:189,5
DA:202,1
DA:215,2
LF:44
LH:44
BRDA:95,0,0,2
BRDA:95,0,1,116
BRDA:96,1,0,1
BRDA:96,1,1,115
BRDA:96,2,0,116
BRDA:96,2,1,116
BRDA:101,3,0,1444
BRDA:101,3,1,29168
BRDA:101,4,0,2265
BRDA:101,4,1,26903
BRDA:106,5,0,1555
BRDA:106,5,1,25348
BRDA:116,6,0,0
BRDA:116,6,1,115
BRDA:126,7,0,18
BRDA:126,7,1,6
BRDA:137,8,0,2
BRDA:137,8,1,112
BRDA:137,9,0,114
BRDA:137,9,1,65
BRDA:144,10,0,2
BRDA:144,10,1,4
BRDA:155,11,0,2
BRDA:155,11,1,8
BRDA:155,12,0,10
BRDA:155,12,1,8
BRDA:157,13,0,2
BRDA:157,13,1,2
BRDA:169,14,0,7
BRDA:169,14,1,1
BRDA:170,15,0,7
BRDA:170,15,1,1
BRDA:171,16,0,7
BRDA:171,16,1,1
BRDA:172,17,0,7
BRDA:172,17,1,1
BRDA:173,18,0,7
BRDA:173,18,1,1
BRDA:174,19,0,7
BRDA:174,19,1,1
BRDA:182,20,0,2
BRDA:182,20,1,6
BRDA:182,21,0,8
BRDA:182,21,1,7
BRDA:188,22,0,5
BRDA:188,22,1,1
BRDA:193,23,0,5
BRDA:193,23,1,1
BRDA:194,24,0,5
BRDA:194,24,1,3
BRDA:206,25,0,1
BRDA:206,25,1,1
BRDA:207,26,0,1
BRDA:207,26,1,1
BRF:54
BRH:53
end_of_record
