{"/Users/rohanvachheta/Downloads/abha-sync/services/shared/auth.js": {"path":"/Users/rohanvachheta/Downloads/abha-sync/services/shared/auth.js","statementMap":{"0":{"start":{"line":1,"column":12},"end":{"line":1,"column":35}},"1":{"start":{"line":2,"column":21},"end":{"line":2,"column":46}},"2":{"start":{"line":4,"column":19},"end":{"line":4,"column":76}},"3":{"start":{"line":5,"column":23},"end":{"line":5,"column":58}},"4":{"start":{"line":8,"column":2},"end":{"line":8,"column":70}},"5":{"start":{"line":12,"column":2},"end":{"line":16,"column":3}},"6":{"start":{"line":13,"column":4},"end":{"line":13,"column":41}},"7":{"start":{"line":15,"column":4},"end":{"line":15,"column":56}},"8":{"start":{"line":20,"column":21},"end":{"line":20,"column":46}},"9":{"start":{"line":21,"column":2},"end":{"line":23,"column":3}},"10":{"start":{"line":22,"column":4},"end":{"line":22,"column":62}},"11":{"start":{"line":25,"column":16},"end":{"line":25,"column":40}},"12":{"start":{"line":26,"column":2},"end":{"line":32,"column":3}},"13":{"start":{"line":27,"column":20},"end":{"line":27,"column":38}},"14":{"start":{"line":28,"column":4},"end":{"line":28,"column":23}},"15":{"start":{"line":29,"column":4},"end":{"line":29,"column":11}},"16":{"start":{"line":31,"column":4},"end":{"line":31,"column":14}},"17":{"start":{"line":35,"column":0},"end":{"line":35,"column":64}}},"fnMap":{"0":{"name":"generateToken","decl":{"start":{"line":7,"column":9},"end":{"line":7,"column":22}},"loc":{"start":{"line":7,"column":32},"end":{"line":9,"column":1}},"line":7},"1":{"name":"verifyToken","decl":{"start":{"line":11,"column":9},"end":{"line":11,"column":20}},"loc":{"start":{"line":11,"column":28},"end":{"line":17,"column":1}},"line":11},"2":{"name":"authMiddleware","decl":{"start":{"line":19,"column":9},"end":{"line":19,"column":23}},"loc":{"start":{"line":19,"column":41},"end":{"line":33,"column":1}},"line":19}},"branchMap":{"0":{"loc":{"start":{"line":4,"column":19},"end":{"line":4,"column":76}},"type":"binary-expr","locations":[{"start":{"line":4,"column":19},"end":{"line":4,"column":41}},{"start":{"line":4,"column":45},"end":{"line":4,"column":76}}],"line":4},"1":{"loc":{"start":{"line":5,"column":23},"end":{"line":5,"column":58}},"type":"binary-expr","locations":[{"start":{"line":5,"column":23},"end":{"line":5,"column":49}},{"start":{"line":5,"column":53},"end":{"line":5,"column":58}}],"line":5},"2":{"loc":{"start":{"line":21,"column":2},"end":{"line":23,"column":3}},"type":"if","locations":[{"start":{"line":21,"column":2},"end":{"line":23,"column":3}},{"start":{},"end":{}}],"line":21},"3":{"loc":{"start":{"line":21,"column":6},"end":{"line":21,"column":54}},"type":"binary-expr","locations":[{"start":{"line":21,"column":6},"end":{"line":21,"column":17}},{"start":{"line":21,"column":21},"end":{"line":21,"column":54}}],"line":21}},"s":{"0":1,"1":1,"2":1,"3":1,"4":1,"5":2,"6":2,"7":1,"8":0,"9":0,"10":0,"11":0,"12":0,"13":0,"14":0,"15":0,"16":0,"17":1},"f":{"0":1,"1":2,"2":0},"b":{"0":[1,1],"1":[1,1],"2":[0,0],"3":[0,0]},"_coverageSchema":"1a1c01bbd47fc00a2c39e90264f33305004495a9","hash":"ca749af13ca813d4e893fa85080ca301316211c4"}
,"/Users/rohanvachheta/Downloads/abha-sync/services/shared/errorHandler.js": {"path":"/Users/rohanvachheta/Downloads/abha-sync/services/shared/errorHandler.js","statementMap":{"0":{"start":{"line":1,"column":15},"end":{"line":1,"column":34}},"1":{"start":{"line":5,"column":4},"end":{"line":5,"column":19}},"2":{"start":{"line":6,"column":4},"end":{"line":6,"column":33}},"3":{"start":{"line":7,"column":4},"end":{"line":7,"column":39}},"4":{"start":{"line":8,"column":4},"end":{"line":8,"column":46}},"5":{"start":{"line":9,"column":4},"end":{"line":9,"column":52}},"6":{"start":{"line":14,"column":21},"end":{"line":14,"column":42}},"7":{"start":{"line":15,"column":18},"end":{"line":15,"column":75}},"8":{"start":{"line":17,"column":2},"end":{"line":21,"column":5}},"9":{"start":{"line":23,"column":2},"end":{"line":30,"column":5}},"10":{"start":{"line":34,"column":2},"end":{"line":36,"column":4}},"11":{"start":{"line":35,"column":4},"end":{"line":35,"column":52}},"12":{"start":{"line":39,"column":0},"end":{"line":39,"column":58}}},"fnMap":{"0":{"name":"(anonymous_0)","decl":{"start":{"line":4,"column":2},"end":{"line":4,"column":3}},"loc":{"start":{"line":4,"column":63},"end":{"line":10,"column":3}},"line":4},"1":{"name":"errorHandler","decl":{"start":{"line":13,"column":9},"end":{"line":13,"column":21}},"loc":{"start":{"line":13,"column":44},"end":{"line":31,"column":1}},"line":13},"2":{"name":"asyncHandler","decl":{"start":{"line":33,"column":9},"end":{"line":33,"column":21}},"loc":{"start":{"line":33,"column":26},"end":{"line":37,"column":1}},"line":33},"3":{"name":"(anonymous_3)","decl":{"start":{"line":34,"column":9},"end":{"line":34,"column":10}},"loc":{"start":{"line":34,"column":29},"end":{"line":36,"column":3}},"line":34}},"branchMap":{"0":{"loc":{"start":{"line":4,"column":23},"end":{"line":4,"column":39}},"type":"default-arg","locations":[{"start":{"line":4,"column":36},"end":{"line":4,"column":39}}],"line":4},"1":{"loc":{"start":{"line":4,"column":41},"end":{"line":4,"column":61}},"type":"default-arg","locations":[{"start":{"line":4,"column":57},"end":{"line":4,"column":61}}],"line":4},"2":{"loc":{"start":{"line":14,"column":21},"end":{"line":14,"column":42}},"type":"binary-expr","locations":[{"start":{"line":14,"column":21},"end":{"line":14,"column":35}},{"start":{"line":14,"column":39},"end":{"line":14,"column":42}}],"line":14},"3":{"loc":{"start":{"line":15,"column":18},"end":{"line":15,"column":75}},"type":"cond-expr","locations":[{"start":{"line":15,"column":38},"end":{"line":15,"column":49}},{"start":{"line":15,"column":52},"end":{"line":15,"column":75}}],"line":15},"4":{"loc":{"start":{"line":20,"column":11},"end":{"line":20,"column":73}},"type":"cond-expr","locations":[{"start":{"line":20,"column":52},"end":{"line":20,"column":61}},{"start":{"line":20,"column":64},"end":{"line":20,"column":73}}],"line":20}},"s":{"0":1,"1":3,"2":3,"3":3,"4":3,"5":3,"6":0,"7":0,"8":0,"9":0,"10":0,"11":0,"12":1},"f":{"0":3,"1":0,"2":0,"3":0},"b":{"0":[1],"1":[3],"2":[0,0],"3":[0,0],"4":[0,0]},"_coverageSchema":"1a1c01bbd47fc00a2c39e90264f33305004495a9","hash":"10abaa51574263a074219d68c0c45211e0ca7ab2"}
,"/Users/rohanvachheta/Downloads/abha-sync/services/shared/logger.js": {"path":"/Users/rohanvachheta/Downloads/abha-sync/services/shared/logger.js","statementMap":{"0":{"start":{"line":1,"column":16},"end":{"line":1,"column":34}},"1":{"start":{"line":3,"column":15},"end":{"line":22,"column":2}},"2":{"start":{"line":16,"column":26},"end":{"line":16,"column":84}},"3":{"start":{"line":17,"column":10},"end":{"line":17,"column":76}},"4":{"start":{"line":24,"column":0},"end":{"line":24,"column":24}}},"fnMap":{"0":{"name":"(anonymous_0)","decl":{"start":{"line":15,"column":30},"end":{"line":15,"column":31}},"loc":{"start":{"line":15,"column":83},"end":{"line":18,"column":9}},"line":15}},"branchMap":{"0":{"loc":{"start":{"line":4,"column":9},"end":{"line":4,"column":40}},"type":"binary-expr","locations":[{"start":{"line":4,"column":9},"end":{"line":4,"column":30}},{"start":{"line":4,"column":34},"end":{"line":4,"column":40}}],"line":4},"1":{"loc":{"start":{"line":10,"column":26},"end":{"line":10,"column":63}},"type":"binary-expr","locations":[{"start":{"line":10,"column":26},"end":{"line":10,"column":50}},{"start":{"line":10,"column":54},"end":{"line":10,"column":63}}],"line":10},"2":{"loc":{"start":{"line":16,"column":26},"end":{"line":16,"column":84}},"type":"cond-expr","locations":[{"start":{"line":16,"column":53},"end":{"line":16,"column":79}},{"start":{"line":16,"column":82},"end":{"line":16,"column":84}}],"line":16}},"s":{"0":1,"1":1,"2":0,"3":0,"4":1},"f":{"0":0},"b":{"0":[1,1],"1":[1,1],"2":[0,0]},"_coverageSchema":"1a1c01bbd47fc00a2c39e90264f33305004495a9","hash":"b679a89a192664b39910fd2857a8811e3f0b130e"}
,"/Users/rohanvachheta/Downloads/abha-sync/services/shared/rateLimiter.js": {"path":"/Users/rohanvachheta/Downloads/abha-sync/services/shared/rateLimiter.js","statementMap":{"0":{"start":{"line":1,"column":21},"end":{"line":1,"column":46}},"1":{"start":{"line":7,"column":19},"end":{"line":7,"column":28}},"2":{"start":{"line":10,"column":2},"end":{"line":17,"column":15}},"3":{"start":{"line":11,"column":16},"end":{"line":11,"column":26}},"4":{"start":{"line":12,"column":4},"end":{"line":16,"column":5}},"5":{"start":{"line":13,"column":6},"end":{"line":15,"column":7}},"6":{"start":{"line":14,"column":8},"end":{"line":14,"column":29}},"7":{"start":{"line":19,"column":2},"end":{"line":35,"column":4}},"8":{"start":{"line":20,"column":16},"end":{"line":20,"column":67}},"9":{"start":{"line":21,"column":16},"end":{"line":21,"column":26}},"10":{"start":{"line":22,"column":19},"end":{"line":22,"column":36}},"11":{"start":{"line":24,"column":4},"end":{"line":27,"column":5}},"12":{"start":{"line":25,"column":6},"end":{"line":25,"column":56}},"13":{"start":{"line":26,"column":6},"end":{"line":26,"column":20}},"14":{"start":{"line":29,"column":4},"end":{"line":29,"column":19}},"15":{"start":{"line":30,"column":4},"end":{"line":32,"column":5}},"16":{"start":{"line":31,"column":6},"end":{"line":31,"column":82}},"17":{"start":{"line":34,"column":4},"end":{"line":34,"column":11}},"18":{"start":{"line":38,"column":0},"end":{"line":38,"column":33}}},"fnMap":{"0":{"name":"rateLimiter","decl":{"start":{"line":6,"column":9},"end":{"line":6,"column":20}},"loc":{"start":{"line":6,"column":67},"end":{"line":36,"column":1}},"line":6},"1":{"name":"(anonymous_1)","decl":{"start":{"line":10,"column":14},"end":{"line":10,"column":15}},"loc":{"start":{"line":10,"column":20},"end":{"line":17,"column":3}},"line":10},"2":{"name":"(anonymous_2)","decl":{"start":{"line":19,"column":9},"end":{"line":19,"column":10}},"loc":{"start":{"line":19,"column":30},"end":{"line":35,"column":3}},"line":19}},"branchMap":{"0":{"loc":{"start":{"line":6,"column":21},"end":{"line":6,"column":65}},"type":"default-arg","locations":[{"start":{"line":6,"column":63},"end":{"line":6,"column":65}}],"line":6},"1":{"loc":{"start":{"line":6,"column":23},"end":{"line":6,"column":39}},"type":"default-arg","locations":[{"start":{"line":6,"column":34},"end":{"line":6,"column":39}}],"line":6},"2":{"loc":{"start":{"line":6,"column":41},"end":{"line":6,"column":58}},"type":"default-arg","locations":[{"start":{"line":6,"column":55},"end":{"line":6,"column":58}}],"line":6},"3":{"loc":{"start":{"line":13,"column":6},"end":{"line":15,"column":7}},"type":"if","locations":[{"start":{"line":13,"column":6},"end":{"line":15,"column":7}},{"start":{},"end":{}}],"line":13},"4":{"loc":{"start":{"line":20,"column":16},"end":{"line":20,"column":67}},"type":"binary-expr","locations":[{"start":{"line":20,"column":16},"end":{"line":20,"column":22}},{"start":{"line":20,"column":26},"end":{"line":20,"column":54}},{"start":{"line":20,"column":58},"end":{"line":20,"column":67}}],"line":20},"5":{"loc":{"start":{"line":24,"column":4},"end":{"line":27,"column":5}},"type":"if","locations":[{"start":{"line":24,"column":4},"end":{"line":27,"column":5}},{"start":{},"end":{}}],"line":24},"6":{"loc":{"start":{"line":24,"column":8},"end":{"line":24,"column":54}},"type":"binary-expr","locations":[{"start":{"line":24,"column":8},"end":{"line":24,"column":15}},{"start":{"line":24,"column":19},"end":{"line":24,"column":54}}],"line":24},"7":{"loc":{"start":{"line":30,"column":4},"end":{"line":32,"column":5}},"type":"if","locations":[{"start":{"line":30,"column":4},"end":{"line":32,"column":5}},{"start":{},"end":{}}],"line":30}},"s":{"0":1,"1":2,"2":2,"3":0,"4":0,"5":0,"6":0,"7":2,"8":1,"9":1,"10":1,"11":1,"12":1,"13":1,"14":0,"15":0,"16":0,"17":0,"18":1},"f":{"0":2,"1":0,"2":1},"b":{"0":[0],"1":[0],"2":[0],"3":[0,0],"4":[1,0,0],"5":[1,0],"6":[1,0],"7":[0,0]},"_coverageSchema":"1a1c01bbd47fc00a2c39e90264f33305004495a9","hash":"2eb12a6410909bc94ef20ff166c93b4764769e8e"}
,"/Users/rohanvachheta/Downloads/abha-sync/services/shared/validation.js": {"path":"/Users/rohanvachheta/Downloads/abha-sync/services/shared/validation.js","statementMap":{"0":{"start":{"line":1,"column":12},"end":{"line":1,"column":26}},"1":{"start":{"line":2,"column":21},"end":{"line":2,"column":46}},"2":{"start":{"line":5,"column":2},"end":{"line":13,"column":4}},"3":{"start":{"line":6,"column":29},"end":{"line":6,"column":102}},"4":{"start":{"line":7,"column":4},"end":{"line":10,"column":5}},"5":{"start":{"line":8,"column":23},"end":{"line":8,"column":69}},"6":{"start":{"line":8,"column":48},"end":{"line":8,"column":57}},"7":{"start":{"line":9,"column":6},"end":{"line":9,"column":70}},"8":{"start":{"line":11,"column":4},"end":{"line":11,"column":26}},"9":{"start":{"line":12,"column":4},"end":{"line":12,"column":11}},"10":{"start":{"line":16,"column":16},"end":{"line":75,"column":1}},"11":{"start":{"line":77,"column":0},"end":{"line":77,"column":39}}},"fnMap":{"0":{"name":"validate","decl":{"start":{"line":4,"column":9},"end":{"line":4,"column":17}},"loc":{"start":{"line":4,"column":45},"end":{"line":14,"column":1}},"line":4},"1":{"name":"(anonymous_1)","decl":{"start":{"line":5,"column":9},"end":{"line":5,"column":10}},"loc":{"start":{"line":5,"column":30},"end":{"line":13,"column":3}},"line":5},"2":{"name":"(anonymous_2)","decl":{"start":{"line":8,"column":41},"end":{"line":8,"column":42}},"loc":{"start":{"line":8,"column":48},"end":{"line":8,"column":57}},"line":8}},"branchMap":{"0":{"loc":{"start":{"line":4,"column":26},"end":{"line":4,"column":43}},"type":"default-arg","locations":[{"start":{"line":4,"column":37},"end":{"line":4,"column":43}}],"line":4},"1":{"loc":{"start":{"line":7,"column":4},"end":{"line":10,"column":5}},"type":"if","locations":[{"start":{"line":7,"column":4},"end":{"line":10,"column":5}},{"start":{},"end":{}}],"line":7}},"s":{"0":1,"1":1,"2":0,"3":0,"4":0,"5":0,"6":0,"7":0,"8":0,"9":0,"10":1,"11":1},"f":{"0":0,"1":0,"2":0},"b":{"0":[0],"1":[0,0]},"_coverageSchema":"1a1c01bbd47fc00a2c39e90264f33305004495a9","hash":"7439827e85718e330317399e2b0724b75dac58dd"}
}
