TN:
SF:auth.js
FN:7,generateToken
FN:11,verifyToken
FN:19,authMiddleware
FNF:3
FNH:2
FNDA:1,generateToken
FNDA:2,verifyToken
FNDA:0,authMiddleware
DA:1,1
DA:2,1
DA:4,1
DA:5,1
DA:8,1
DA:12,2
DA:13,2
DA:15,1
DA:20,0
DA:21,0
DA:22,0
DA:25,0
DA:26,0
DA:27,0
DA:28,0
DA:29,0
DA:31,0
DA:35,1
LF:18
LH:9
BRDA:4,0,0,1
BRDA:4,0,1,1
BRDA:5,1,0,1
BRDA:5,1,1,1
BRDA:21,2,0,0
BRDA:21,2,1,0
BRDA:21,3,0,0
BRDA:21,3,1,0
BRF:8
BRH:4
end_of_record
TN:
SF:errorHandler.js
FN:4,(anonymous_0)
FN:13,errorHandler
FN:33,asyncHandler
FN:34,(anonymous_3)
FNF:4
FNH:1
FNDA:3,(anonymous_0)
FNDA:0,errorHandler
FNDA:0,asyncHandler
FNDA:0,(anonymous_3)
DA:1,1
DA:5,3
DA:6,3
DA:7,3
DA:8,3
DA:9,3
DA:14,0
DA:15,0
DA:17,0
DA:23,0
DA:34,0
DA:35,0
DA:39,1
LF:13
LH:7
BRDA:4,0,0,1
BRDA:4,1,0,3
BRDA:14,2,0,0
BRDA:14,2,1,0
BRDA:15,3,0,0
BRDA:15,3,1,0
BRDA:20,4,0,0
BRDA:20,4,1,0
BRF:8
BRH:2
end_of_record
TN:
SF:logger.js
FN:15,(anonymous_0)
FNF:1
FNH:0
FNDA:0,(anonymous_0)
DA:1,1
DA:3,1
DA:16,0
DA:17,0
DA:24,1
LF:5
LH:3
BRDA:4,0,0,1
BRDA:4,0,1,1
BRDA:10,1,0,1
BRDA:10,1,1,1
BRDA:16,2,0,0
BRDA:16,2,1,0
BRF:6
BRH:4
end_of_record
TN:
SF:rateLimiter.js
FN:6,rateLimiter
FN:10,(anonymous_1)
FN:19,(anonymous_2)
FNF:3
FNH:2
FNDA:2,rateLimiter
FNDA:0,(anonymous_1)
FNDA:1,(anonymous_2)
DA:1,1
DA:7,2
DA:10,2
DA:11,0
DA:12,0
DA:13,0
DA:14,0
DA:19,2
DA:20,1
DA:21,1
DA:22,1
DA:24,1
DA:25,1
DA:26,1
DA:29,0
DA:30,0
DA:31,0
DA:34,0
DA:38,1
LF:19
LH:11
BRDA:6,0,0,0
BRDA:6,1,0,0
BRDA:6,2,0,0
BRDA:13,3,0,0
BRDA:13,3,1,0
BRDA:20,4,0,1
BRDA:20,4,1,0
BRDA:20,4,2,0
BRDA:24,5,0,1
BRDA:24,5,1,0
BRDA:24,6,0,1
BRDA:24,6,1,0
BRDA:30,7,0,0
BRDA:30,7,1,0
BRF:14
BRH:3
end_of_record
TN:
SF:validation.js
FN:4,validate
FN:5,(anonymous_1)
FN:8,(anonymous_2)
FNF:3
FNH:0
FNDA:0,validate
FNDA:0,(anonymous_1)
FNDA:0,(anonymous_2)
DA:1,1
DA:2,1
DA:5,0
DA:6,0
DA:7,0
DA:8,0
DA:9,0
DA:11,0
DA:12,0
DA:16,1
DA:77,1
LF:11
LH:4
BRDA:4,0,0,0
BRDA:7,1,0,0
BRDA:7,1,1,0
BRF:3
BRH:0
end_of_record
