{"/Users/rohanvachheta/Downloads/abha-sync/services/api-gateway/src/index.js": {"path":"/Users/rohanvachheta/Downloads/abha-sync/services/api-gateway/src/index.js","statementMap":{"0":{"start":{"line":1,"column":16},"end":{"line":1,"column":34}},"1":{"start":{"line":2,"column":13},"end":{"line":2,"column":28}},"2":{"start":{"line":3,"column":66},"end":{"line":3,"column":94}},"3":{"start":{"line":4,"column":21},"end":{"line":4,"column":47}},"4":{"start":{"line":5,"column":22},"end":{"line":5,"column":49}},"5":{"start":{"line":6,"column":22},"end":{"line":6,"column":49}},"6":{"start":{"line":7,"column":19},"end":{"line":7,"column":43}},"7":{"start":{"line":8,"column":21},"end":{"line":8,"column":47}},"8":{"start":{"line":9,"column":24},"end":{"line":9,"column":53}},"9":{"start":{"line":11,"column":12},"end":{"line":11,"column":21}},"10":{"start":{"line":12,"column":13},"end":{"line":12,"column":37}},"11":{"start":{"line":15,"column":0},"end":{"line":19,"column":4}},"12":{"start":{"line":20,"column":0},"end":{"line":20,"column":41}},"13":{"start":{"line":21,"column":0},"end":{"line":21,"column":60}},"14":{"start":{"line":24,"column":0},"end":{"line":27,"column":3}},"15":{"start":{"line":25,"column":2},"end":{"line":25,"column":65}},"16":{"start":{"line":26,"column":2},"end":{"line":26,"column":9}},"17":{"start":{"line":30,"column":0},"end":{"line":30,"column":37}},"18":{"start":{"line":31,"column":0},"end":{"line":31,"column":33}},"19":{"start":{"line":32,"column":0},"end":{"line":32,"column":37}},"20":{"start":{"line":33,"column":0},"end":{"line":33,"column":39}},"21":{"start":{"line":34,"column":0},"end":{"line":34,"column":46}},"22":{"start":{"line":35,"column":0},"end":{"line":35,"column":43}},"23":{"start":{"line":38,"column":0},"end":{"line":38,"column":22}},"24":{"start":{"line":40,"column":0},"end":{"line":51,"column":1}},"25":{"start":{"line":42,"column":2},"end":{"line":42,"column":23}},"26":{"start":{"line":44,"column":2},"end":{"line":50,"column":5}},"27":{"start":{"line":45,"column":4},"end":{"line":45,"column":55}},"28":{"start":{"line":46,"column":4},"end":{"line":46,"column":100}},"29":{"start":{"line":47,"column":4},"end":{"line":47,"column":103}},"30":{"start":{"line":48,"column":4},"end":{"line":48,"column":95}},"31":{"start":{"line":49,"column":4},"end":{"line":49,"column":90}},"32":{"start":{"line":53,"column":0},"end":{"line":53,"column":21}}},"fnMap":{"0":{"name":"(anonymous_0)","decl":{"start":{"line":24,"column":8},"end":{"line":24,"column":9}},"loc":{"start":{"line":24,"column":29},"end":{"line":27,"column":1}},"line":24},"1":{"name":"(anonymous_1)","decl":{"start":{"line":44,"column":19},"end":{"line":44,"column":20}},"loc":{"start":{"line":44,"column":25},"end":{"line":50,"column":3}},"line":44}},"branchMap":{"0":{"loc":{"start":{"line":12,"column":13},"end":{"line":12,"column":37}},"type":"binary-expr","locations":[{"start":{"line":12,"column":13},"end":{"line":12,"column":29}},{"start":{"line":12,"column":33},"end":{"line":12,"column":37}}],"line":12},"1":{"loc":{"start":{"line":16,"column":10},"end":{"line":16,"column":40}},"type":"binary-expr","locations":[{"start":{"line":16,"column":10},"end":{"line":16,"column":33}},{"start":{"line":16,"column":37},"end":{"line":16,"column":40}}],"line":16},"2":{"loc":{"start":{"line":40,"column":0},"end":{"line":51,"column":1}},"type":"if","locations":[{"start":{"line":40,"column":0},"end":{"line":51,"column":1}},{"start":{},"end":{}}],"line":40},"3":{"loc":{"start":{"line":46,"column":40},"end":{"line":46,"column":96}},"type":"binary-expr","locations":[{"start":{"line":46,"column":40},"end":{"line":46,"column":69}},{"start":{"line":46,"column":73},"end":{"line":46,"column":96}}],"line":46},"4":{"loc":{"start":{"line":47,"column":43},"end":{"line":47,"column":99}},"type":"binary-expr","locations":[{"start":{"line":47,"column":43},"end":{"line":47,"column":72}},{"start":{"line":47,"column":76},"end":{"line":47,"column":99}}],"line":47},"5":{"loc":{"start":{"line":48,"column":34},"end":{"line":48,"column":91}},"type":"binary-expr","locations":[{"start":{"line":48,"column":34},"end":{"line":48,"column":64}},{"start":{"line":48,"column":68},"end":{"line":48,"column":91}}],"line":48},"6":{"loc":{"start":{"line":49,"column":34},"end":{"line":49,"column":86}},"type":"binary-expr","locations":[{"start":{"line":49,"column":34},"end":{"line":49,"column":59}},{"start":{"line":49,"column":63},"end":{"line":49,"column":86}}],"line":49}},"s":{"0":1,"1":1,"2":1,"3":1,"4":1,"5":1,"6":1,"7":1,"8":1,"9":1,"10":1,"11":1,"12":1,"13":1,"14":1,"15":13,"16":13,"17":1,"18":1,"19":1,"20":1,"21":1,"22":1,"23":1,"24":1,"25":0,"26":0,"27":0,"28":0,"29":0,"30":0,"31":0,"32":1},"f":{"0":13,"1":0},"b":{"0":[1,1],"1":[1,1],"2":[0,1],"3":[0,0],"4":[0,0],"5":[0,0],"6":[0,0]},"_coverageSchema":"1a1c01bbd47fc00a2c39e90264f33305004495a9","hash":"ef82acfdbddc20e09a35e04ab087a8746a8aac1b"}
,"/Users/rohanvachheta/Downloads/abha-sync/services/api-gateway/src/routes/auth.js": {"path":"/Users/rohanvachheta/Downloads/abha-sync/services/api-gateway/src/routes/auth.js","statementMap":{"0":{"start":{"line":1,"column":16},"end":{"line":1,"column":34}},"1":{"start":{"line":2,"column":69},"end":{"line":2,"column":97}},"2":{"start":{"line":4,"column":15},"end":{"line":4,"column":31}},"3":{"start":{"line":7,"column":17},"end":{"line":7,"column":26}},"4":{"start":{"line":12,"column":0},"end":{"line":28,"column":4}},"5":{"start":{"line":13,"column":29},"end":{"line":13,"column":37}},"6":{"start":{"line":14,"column":21},"end":{"line":14,"column":37}},"7":{"start":{"line":17,"column":14},"end":{"line":17,"column":22}},"8":{"start":{"line":18,"column":2},"end":{"line":18,"column":68}},"9":{"start":{"line":20,"column":2},"end":{"line":27,"column":5}},"10":{"start":{"line":33,"column":0},"end":{"line":73,"column":4}},"11":{"start":{"line":34,"column":34},"end":{"line":34,"column":42}},"12":{"start":{"line":35,"column":21},"end":{"line":35,"column":37}},"13":{"start":{"line":37,"column":17},"end":{"line":37,"column":41}},"14":{"start":{"line":38,"column":2},"end":{"line":40,"column":3}},"15":{"start":{"line":39,"column":4},"end":{"line":39,"column":71}},"16":{"start":{"line":42,"column":2},"end":{"line":45,"column":3}},"17":{"start":{"line":43,"column":4},"end":{"line":43,"column":32}},"18":{"start":{"line":44,"column":4},"end":{"line":44,"column":70}},"19":{"start":{"line":47,"column":2},"end":{"line":49,"column":3}},"20":{"start":{"line":48,"column":4},"end":{"line":48,"column":43}},"21":{"start":{"line":51,"column":2},"end":{"line":51,"column":30}},"22":{"start":{"line":54,"column":16},"end":{"line":58,"column":4}},"23":{"start":{"line":60,"column":2},"end":{"line":72,"column":5}},"24":{"start":{"line":75,"column":0},"end":{"line":75,"column":24}}},"fnMap":{"0":{"name":"(anonymous_0)","decl":{"start":{"line":12,"column":63},"end":{"line":12,"column":64}},"loc":{"start":{"line":12,"column":83},"end":{"line":28,"column":1}},"line":12},"1":{"name":"(anonymous_1)","decl":{"start":{"line":33,"column":69},"end":{"line":33,"column":70}},"loc":{"start":{"line":33,"column":89},"end":{"line":73,"column":1}},"line":33}},"branchMap":{"0":{"loc":{"start":{"line":14,"column":21},"end":{"line":14,"column":37}},"type":"binary-expr","locations":[{"start":{"line":14,"column":21},"end":{"line":14,"column":27}},{"start":{"line":14,"column":31},"end":{"line":14,"column":37}}],"line":14},"1":{"loc":{"start":{"line":23,"column":30},"end":{"line":23,"column":59}},"type":"cond-expr","locations":[{"start":{"line":23,"column":39},"end":{"line":23,"column":47}},{"start":{"line":23,"column":50},"end":{"line":23,"column":59}}],"line":23},"2":{"loc":{"start":{"line":25,"column":15},"end":{"line":25,"column":70}},"type":"cond-expr","locations":[{"start":{"line":25,"column":55},"end":{"line":25,"column":58}},{"start":{"line":25,"column":61},"end":{"line":25,"column":70}}],"line":25},"3":{"loc":{"start":{"line":35,"column":21},"end":{"line":35,"column":37}},"type":"binary-expr","locations":[{"start":{"line":35,"column":21},"end":{"line":35,"column":27}},{"start":{"line":35,"column":31},"end":{"line":35,"column":37}}],"line":35},"4":{"loc":{"start":{"line":38,"column":2},"end":{"line":40,"column":3}},"type":"if","locations":[{"start":{"line":38,"column":2},"end":{"line":40,"column":3}},{"start":{},"end":{}}],"line":38},"5":{"loc":{"start":{"line":42,"column":2},"end":{"line":45,"column":3}},"type":"if","locations":[{"start":{"line":42,"column":2},"end":{"line":45,"column":3}},{"start":{},"end":{}}],"line":42},"6":{"loc":{"start":{"line":47,"column":2},"end":{"line":49,"column":3}},"type":"if","locations":[{"start":{"line":47,"column":2},"end":{"line":49,"column":3}},{"start":{},"end":{}}],"line":47},"7":{"loc":{"start":{"line":56,"column":12},"end":{"line":56,"column":26}},"type":"binary-expr","locations":[{"start":{"line":56,"column":12},"end":{"line":56,"column":18}},{"start":{"line":56,"column":22},"end":{"line":56,"column":26}}],"line":56},"8":{"loc":{"start":{"line":57,"column":12},"end":{"line":57,"column":37}},"type":"binary-expr","locations":[{"start":{"line":57,"column":12},"end":{"line":57,"column":18}},{"start":{"line":57,"column":22},"end":{"line":57,"column":37}}],"line":57},"9":{"loc":{"start":{"line":67,"column":16},"end":{"line":67,"column":41}},"type":"binary-expr","locations":[{"start":{"line":67,"column":16},"end":{"line":67,"column":22}},{"start":{"line":67,"column":26},"end":{"line":67,"column":41}}],"line":67},"10":{"loc":{"start":{"line":68,"column":16},"end":{"line":68,"column":41}},"type":"binary-expr","locations":[{"start":{"line":68,"column":16},"end":{"line":68,"column":22}},{"start":{"line":68,"column":26},"end":{"line":68,"column":41}}],"line":68}},"s":{"0":1,"1":1,"2":1,"3":1,"4":1,"5":3,"6":3,"7":3,"8":3,"9":3,"10":1,"11":2,"12":2,"13":2,"14":2,"15":0,"16":2,"17":0,"18":0,"19":2,"20":1,"21":1,"22":1,"23":1,"24":1},"f":{"0":3,"1":2},"b":{"0":[3,0],"1":[3,0],"2":[3,0],"3":[2,0],"4":[0,2],"5":[0,2],"6":[1,1],"7":[1,0],"8":[1,1],"9":[1,0],"10":[1,1]},"_coverageSchema":"1a1c01bbd47fc00a2c39e90264f33305004495a9","hash":"2251e086e6da29890d40c7cd6b49b4be2c1afbe8"}
,"/Users/rohanvachheta/Downloads/abha-sync/services/api-gateway/src/routes/consent.js": {"path":"/Users/rohanvachheta/Downloads/abha-sync/services/api-gateway/src/routes/consent.js","statementMap":{"0":{"start":{"line":1,"column":16},"end":{"line":1,"column":34}},"1":{"start":{"line":2,"column":23},"end":{"line":2,"column":38}},"2":{"start":{"line":3,"column":69},"end":{"line":3,"column":97}},"3":{"start":{"line":4,"column":24},"end":{"line":4,"column":60}},"4":{"start":{"line":6,"column":15},"end":{"line":6,"column":31}},"5":{"start":{"line":17,"column":0},"end":{"line":73,"column":4}},"6":{"start":{"line":18,"column":33},"end":{"line":18,"column":41}},"7":{"start":{"line":19,"column":17},"end":{"line":19,"column":51}},"8":{"start":{"line":20,"column":13},"end":{"line":20,"column":20}},"9":{"start":{"line":23,"column":17},"end":{"line":23,"column":79}},"10":{"start":{"line":24,"column":2},"end":{"line":26,"column":3}},"11":{"start":{"line":25,"column":4},"end":{"line":25,"column":48}},"12":{"start":{"line":28,"column":21},"end":{"line":28,"column":105}},"13":{"start":{"line":29,"column":2},"end":{"line":31,"column":3}},"14":{"start":{"line":30,"column":4},"end":{"line":30,"column":69}},"15":{"start":{"line":34,"column":15},"end":{"line":34,"column":73}},"16":{"start":{"line":37,"column":2},"end":{"line":37,"column":57}},"17":{"start":{"line":38,"column":21},"end":{"line":42,"column":4}},"18":{"start":{"line":45,"column":20},"end":{"line":45,"column":28}},"19":{"start":{"line":46,"column":2},"end":{"line":59,"column":4}},"20":{"start":{"line":62,"column":2},"end":{"line":62,"column":93}},"21":{"start":{"line":64,"column":2},"end":{"line":72,"column":5}},"22":{"start":{"line":75,"column":0},"end":{"line":75,"column":24}}},"fnMap":{"0":{"name":"(anonymous_0)","decl":{"start":{"line":17,"column":63},"end":{"line":17,"column":64}},"loc":{"start":{"line":17,"column":83},"end":{"line":73,"column":1}},"line":17}},"branchMap":{"0":{"loc":{"start":{"line":19,"column":17},"end":{"line":19,"column":51}},"type":"binary-expr","locations":[{"start":{"line":19,"column":17},"end":{"line":19,"column":33}},{"start":{"line":19,"column":37},"end":{"line":19,"column":51}}],"line":19},"1":{"loc":{"start":{"line":24,"column":2},"end":{"line":26,"column":3}},"type":"if","locations":[{"start":{"line":24,"column":2},"end":{"line":26,"column":3}},{"start":{},"end":{}}],"line":24},"2":{"loc":{"start":{"line":29,"column":2},"end":{"line":31,"column":3}},"type":"if","locations":[{"start":{"line":29,"column":2},"end":{"line":31,"column":3}},{"start":{},"end":{}}],"line":29},"3":{"loc":{"start":{"line":41,"column":19},"end":{"line":41,"column":51}},"type":"binary-expr","locations":[{"start":{"line":41,"column":19},"end":{"line":41,"column":32}},{"start":{"line":41,"column":36},"end":{"line":41,"column":51}}],"line":41},"4":{"loc":{"start":{"line":53,"column":4},"end":{"line":53,"column":36}},"type":"cond-expr","locations":[{"start":{"line":53,"column":31},"end":{"line":53,"column":32}},{"start":{"line":53,"column":35},"end":{"line":53,"column":36}}],"line":53},"5":{"loc":{"start":{"line":54,"column":4},"end":{"line":54,"column":39}},"type":"cond-expr","locations":[{"start":{"line":54,"column":34},"end":{"line":54,"column":35}},{"start":{"line":54,"column":38},"end":{"line":54,"column":39}}],"line":54},"6":{"loc":{"start":{"line":55,"column":4},"end":{"line":55,"column":40}},"type":"cond-expr","locations":[{"start":{"line":55,"column":35},"end":{"line":55,"column":36}},{"start":{"line":55,"column":39},"end":{"line":55,"column":40}}],"line":55},"7":{"loc":{"start":{"line":56,"column":4},"end":{"line":56,"column":32}},"type":"cond-expr","locations":[{"start":{"line":56,"column":27},"end":{"line":56,"column":28}},{"start":{"line":56,"column":31},"end":{"line":56,"column":32}}],"line":56},"8":{"loc":{"start":{"line":58,"column":4},"end":{"line":58,"column":42}},"type":"binary-expr","locations":[{"start":{"line":58,"column":4},"end":{"line":58,"column":34}},{"start":{"line":58,"column":38},"end":{"line":58,"column":42}}],"line":58}},"s":{"0":1,"1":1,"2":1,"3":1,"4":1,"5":1,"6":0,"7":0,"8":0,"9":0,"10":0,"11":0,"12":0,"13":0,"14":0,"15":0,"16":0,"17":0,"18":0,"19":0,"20":0,"21":0,"22":1},"f":{"0":0},"b":{"0":[0,0],"1":[0,0],"2":[0,0],"3":[0,0],"4":[0,0],"5":[0,0],"6":[0,0],"7":[0,0],"8":[0,0]},"_coverageSchema":"1a1c01bbd47fc00a2c39e90264f33305004495a9","hash":"649d78679b7617b8df54bc60a385772e7b4efb18"}
,"/Users/rohanvachheta/Downloads/abha-sync/services/api-gateway/src/routes/health.js": {"path":"/Users/rohanvachheta/Downloads/abha-sync/services/api-gateway/src/routes/health.js","statementMap":{"0":{"start":{"line":1,"column":16},"end":{"line":1,"column":34}},"1":{"start":{"line":2,"column":15},"end":{"line":2,"column":31}},"2":{"start":{"line":4,"column":0},"end":{"line":11,"column":3}},"3":{"start":{"line":5,"column":2},"end":{"line":10,"column":5}},"4":{"start":{"line":13,"column":0},"end":{"line":13,"column":24}}},"fnMap":{"0":{"name":"(anonymous_0)","decl":{"start":{"line":4,"column":16},"end":{"line":4,"column":17}},"loc":{"start":{"line":4,"column":31},"end":{"line":11,"column":1}},"line":4}},"branchMap":{},"s":{"0":1,"1":1,"2":1,"3":1,"4":1},"f":{"0":1},"b":{},"_coverageSchema":"1a1c01bbd47fc00a2c39e90264f33305004495a9","hash":"03bc98314fa5f60068bae1831cf05872bc6caafb"}
,"/Users/rohanvachheta/Downloads/abha-sync/services/api-gateway/src/routes/records.js": {"path":"/Users/rohanvachheta/Downloads/abha-sync/services/api-gateway/src/routes/records.js","statementMap":{"0":{"start":{"line":1,"column":16},"end":{"line":1,"column":34}},"1":{"start":{"line":2,"column":42},"end":{"line":2,"column":70}},"2":{"start":{"line":4,"column":15},"end":{"line":4,"column":31}},"3":{"start":{"line":10,"column":0},"end":{"line":42,"column":4}},"4":{"start":{"line":11,"column":17},"end":{"line":11,"column":51}},"5":{"start":{"line":12,"column":13},"end":{"line":12,"column":20}},"6":{"start":{"line":14,"column":18},"end":{"line":20,"column":16}},"7":{"start":{"line":22,"column":27},"end":{"line":33,"column":5}},"8":{"start":{"line":22,"column":47},"end":{"line":33,"column":3}},"9":{"start":{"line":35,"column":2},"end":{"line":41,"column":5}},"10":{"start":{"line":48,"column":0},"end":{"line":90,"column":4}},"11":{"start":{"line":49,"column":17},"end":{"line":49,"column":27}},"12":{"start":{"line":50,"column":13},"end":{"line":50,"column":20}},"13":{"start":{"line":52,"column":17},"end":{"line":57,"column":12}},"14":{"start":{"line":59,"column":2},"end":{"line":61,"column":3}},"15":{"start":{"line":60,"column":4},"end":{"line":60,"column":48}},"16":{"start":{"line":63,"column":18},"end":{"line":63,"column":86}},"17":{"start":{"line":65,"column":2},"end":{"line":89,"column":5}},"18":{"start":{"line":92,"column":0},"end":{"line":92,"column":24}}},"fnMap":{"0":{"name":"(anonymous_0)","decl":{"start":{"line":10,"column":29},"end":{"line":10,"column":30}},"loc":{"start":{"line":10,"column":49},"end":{"line":42,"column":1}},"line":10},"1":{"name":"(anonymous_1)","decl":{"start":{"line":22,"column":39},"end":{"line":22,"column":40}},"loc":{"start":{"line":22,"column":47},"end":{"line":33,"column":3}},"line":22},"2":{"name":"(anonymous_2)","decl":{"start":{"line":48,"column":32},"end":{"line":48,"column":33}},"loc":{"start":{"line":48,"column":52},"end":{"line":90,"column":1}},"line":48}},"branchMap":{"0":{"loc":{"start":{"line":11,"column":17},"end":{"line":11,"column":51}},"type":"binary-expr","locations":[{"start":{"line":11,"column":17},"end":{"line":11,"column":33}},{"start":{"line":11,"column":37},"end":{"line":11,"column":51}}],"line":11},"1":{"loc":{"start":{"line":26,"column":19},"end":{"line":26,"column":73}},"type":"cond-expr","locations":[{"start":{"line":26,"column":38},"end":{"line":26,"column":66}},{"start":{"line":26,"column":69},"end":{"line":26,"column":73}}],"line":26},"2":{"loc":{"start":{"line":27,"column":20},"end":{"line":27,"column":76}},"type":"cond-expr","locations":[{"start":{"line":27,"column":40},"end":{"line":27,"column":69}},{"start":{"line":27,"column":72},"end":{"line":27,"column":76}}],"line":27},"3":{"loc":{"start":{"line":59,"column":2},"end":{"line":61,"column":3}},"type":"if","locations":[{"start":{"line":59,"column":2},"end":{"line":61,"column":3}},{"start":{},"end":{}}],"line":59},"4":{"loc":{"start":{"line":72,"column":21},"end":{"line":72,"column":85}},"type":"cond-expr","locations":[{"start":{"line":72,"column":45},"end":{"line":72,"column":78}},{"start":{"line":72,"column":81},"end":{"line":72,"column":85}}],"line":72},"5":{"loc":{"start":{"line":73,"column":22},"end":{"line":73,"column":88}},"type":"cond-expr","locations":[{"start":{"line":73,"column":47},"end":{"line":73,"column":81}},{"start":{"line":73,"column":84},"end":{"line":73,"column":88}}],"line":73},"6":{"loc":{"start":{"line":74,"column":18},"end":{"line":74,"column":76}},"type":"cond-expr","locations":[{"start":{"line":74,"column":39},"end":{"line":74,"column":69}},{"start":{"line":74,"column":72},"end":{"line":74,"column":76}}],"line":74},"7":{"loc":{"start":{"line":77,"column":15},"end":{"line":85,"column":14}},"type":"cond-expr","locations":[{"start":{"line":78,"column":10},"end":{"line":84,"column":11}},{"start":{"line":85,"column":10},"end":{"line":85,"column":14}}],"line":77}},"s":{"0":1,"1":1,"2":1,"3":1,"4":1,"5":1,"6":1,"7":1,"8":0,"9":1,"10":1,"11":1,"12":1,"13":1,"14":1,"15":1,"16":0,"17":0,"18":1},"f":{"0":1,"1":0,"2":1},"b":{"0":[1,1],"1":[0,0],"2":[0,0],"3":[1,0],"4":[0,0],"5":[0,0],"6":[0,0],"7":[0,0]},"_coverageSchema":"1a1c01bbd47fc00a2c39e90264f33305004495a9","hash":"3419023dfb9459dee02fa5c8334569e802ed6311"}
,"/Users/rohanvachheta/Downloads/abha-sync/services/api-gateway/src/routes/reminders.js": {"path":"/Users/rohanvachheta/Downloads/abha-sync/services/api-gateway/src/routes/reminders.js","statementMap":{"0":{"start":{"line":1,"column":16},"end":{"line":1,"column":34}},"1":{"start":{"line":2,"column":23},"end":{"line":2,"column":38}},"2":{"start":{"line":3,"column":42},"end":{"line":3,"column":70}},"3":{"start":{"line":5,"column":15},"end":{"line":5,"column":31}},"4":{"start":{"line":10,"column":0},"end":{"line":19,"column":4}},"5":{"start":{"line":11,"column":17},"end":{"line":11,"column":51}},"6":{"start":{"line":12,"column":13},"end":{"line":12,"column":20}},"7":{"start":{"line":13,"column":20},"end":{"line":13,"column":101}},"8":{"start":{"line":15,"column":2},"end":{"line":18,"column":5}},"9":{"start":{"line":24,"column":0},"end":{"line":44,"column":4}},"10":{"start":{"line":25,"column":17},"end":{"line":25,"column":51}},"11":{"start":{"line":26,"column":50},"end":{"line":26,"column":58}},"12":{"start":{"line":28,"column":2},"end":{"line":30,"column":3}},"13":{"start":{"line":29,"column":4},"end":{"line":29,"column":59}},"14":{"start":{"line":32,"column":13},"end":{"line":32,"column":20}},"15":{"start":{"line":33,"column":13},"end":{"line":33,"column":21}},"16":{"start":{"line":35,"column":2},"end":{"line":38,"column":86}},"17":{"start":{"line":40,"column":2},"end":{"line":43,"column":5}},"18":{"start":{"line":49,"column":0},"end":{"line":72,"column":4}},"19":{"start":{"line":50,"column":17},"end":{"line":50,"column":27}},"20":{"start":{"line":51,"column":59},"end":{"line":51,"column":67}},"21":{"start":{"line":52,"column":13},"end":{"line":52,"column":20}},"22":{"start":{"line":54,"column":19},"end":{"line":54,"column":77}},"23":{"start":{"line":55,"column":2},"end":{"line":57,"column":3}},"24":{"start":{"line":56,"column":4},"end":{"line":56,"column":50}},"25":{"start":{"line":59,"column":2},"end":{"line":69,"column":4}},"26":{"start":{"line":71,"column":2},"end":{"line":71,"column":73}},"27":{"start":{"line":77,"column":0},"end":{"line":87,"column":4}},"28":{"start":{"line":78,"column":17},"end":{"line":78,"column":27}},"29":{"start":{"line":79,"column":13},"end":{"line":79,"column":20}},"30":{"start":{"line":81,"column":17},"end":{"line":81,"column":73}},"31":{"start":{"line":82,"column":2},"end":{"line":84,"column":3}},"32":{"start":{"line":83,"column":4},"end":{"line":83,"column":50}},"33":{"start":{"line":86,"column":2},"end":{"line":86,"column":69}},"34":{"start":{"line":89,"column":0},"end":{"line":89,"column":24}}},"fnMap":{"0":{"name":"(anonymous_0)","decl":{"start":{"line":10,"column":29},"end":{"line":10,"column":30}},"loc":{"start":{"line":10,"column":49},"end":{"line":19,"column":1}},"line":10},"1":{"name":"(anonymous_1)","decl":{"start":{"line":24,"column":30},"end":{"line":24,"column":31}},"loc":{"start":{"line":24,"column":50},"end":{"line":44,"column":1}},"line":24},"2":{"name":"(anonymous_2)","decl":{"start":{"line":49,"column":32},"end":{"line":49,"column":33}},"loc":{"start":{"line":49,"column":52},"end":{"line":72,"column":1}},"line":49},"3":{"name":"(anonymous_3)","decl":{"start":{"line":77,"column":35},"end":{"line":77,"column":36}},"loc":{"start":{"line":77,"column":55},"end":{"line":87,"column":1}},"line":77}},"branchMap":{"0":{"loc":{"start":{"line":11,"column":17},"end":{"line":11,"column":51}},"type":"binary-expr","locations":[{"start":{"line":11,"column":17},"end":{"line":11,"column":33}},{"start":{"line":11,"column":37},"end":{"line":11,"column":51}}],"line":11},"1":{"loc":{"start":{"line":25,"column":17},"end":{"line":25,"column":51}},"type":"binary-expr","locations":[{"start":{"line":25,"column":17},"end":{"line":25,"column":33}},{"start":{"line":25,"column":37},"end":{"line":25,"column":51}}],"line":25},"2":{"loc":{"start":{"line":28,"column":2},"end":{"line":30,"column":3}},"type":"if","locations":[{"start":{"line":28,"column":2},"end":{"line":30,"column":3}},{"start":{},"end":{}}],"line":28},"3":{"loc":{"start":{"line":38,"column":33},"end":{"line":38,"column":45}},"type":"binary-expr","locations":[{"start":{"line":38,"column":33},"end":{"line":38,"column":39}},{"start":{"line":38,"column":43},"end":{"line":38,"column":45}}],"line":38},"4":{"loc":{"start":{"line":38,"column":47},"end":{"line":38,"column":67}},"type":"binary-expr","locations":[{"start":{"line":38,"column":47},"end":{"line":38,"column":56}},{"start":{"line":38,"column":60},"end":{"line":38,"column":67}}],"line":38},"5":{"loc":{"start":{"line":38,"column":69},"end":{"line":38,"column":84}},"type":"binary-expr","locations":[{"start":{"line":38,"column":69},"end":{"line":38,"column":73}},{"start":{"line":38,"column":77},"end":{"line":38,"column":84}}],"line":38},"6":{"loc":{"start":{"line":55,"column":2},"end":{"line":57,"column":3}},"type":"if","locations":[{"start":{"line":55,"column":2},"end":{"line":57,"column":3}},{"start":{},"end":{}}],"line":55},"7":{"loc":{"start":{"line":63,"column":4},"end":{"line":63,"column":37}},"type":"binary-expr","locations":[{"start":{"line":63,"column":4},"end":{"line":63,"column":14}},{"start":{"line":63,"column":18},"end":{"line":63,"column":37}}],"line":63},"8":{"loc":{"start":{"line":64,"column":4},"end":{"line":64,"column":29}},"type":"binary-expr","locations":[{"start":{"line":64,"column":4},"end":{"line":64,"column":10}},{"start":{"line":64,"column":14},"end":{"line":64,"column":29}}],"line":64},"9":{"loc":{"start":{"line":65,"column":4},"end":{"line":65,"column":35}},"type":"binary-expr","locations":[{"start":{"line":65,"column":4},"end":{"line":65,"column":13}},{"start":{"line":65,"column":17},"end":{"line":65,"column":35}}],"line":65},"10":{"loc":{"start":{"line":66,"column":4},"end":{"line":66,"column":25}},"type":"binary-expr","locations":[{"start":{"line":66,"column":4},"end":{"line":66,"column":8}},{"start":{"line":66,"column":12},"end":{"line":66,"column":25}}],"line":66},"11":{"loc":{"start":{"line":67,"column":4},"end":{"line":67,"column":64}},"type":"cond-expr","locations":[{"start":{"line":67,"column":29},"end":{"line":67,"column":44}},{"start":{"line":67,"column":48},"end":{"line":67,"column":64}}],"line":67},"12":{"loc":{"start":{"line":67,"column":29},"end":{"line":67,"column":44}},"type":"cond-expr","locations":[{"start":{"line":67,"column":39},"end":{"line":67,"column":40}},{"start":{"line":67,"column":43},"end":{"line":67,"column":44}}],"line":67},"13":{"loc":{"start":{"line":82,"column":2},"end":{"line":84,"column":3}},"type":"if","locations":[{"start":{"line":82,"column":2},"end":{"line":84,"column":3}},{"start":{},"end":{}}],"line":82}},"s":{"0":1,"1":1,"2":1,"3":1,"4":1,"5":1,"6":1,"7":1,"8":1,"9":1,"10":1,"11":1,"12":1,"13":0,"14":1,"15":1,"16":1,"17":1,"18":1,"19":1,"20":1,"21":1,"22":1,"23":1,"24":0,"25":1,"26":1,"27":1,"28":2,"29":2,"30":2,"31":2,"32":1,"33":1,"34":1},"f":{"0":1,"1":1,"2":1,"3":2},"b":{"0":[1,1],"1":[1,1],"2":[0,1],"3":[1,0],"4":[1,0],"5":[1,0],"6":[0,1],"7":[1,1],"8":[1,1],"9":[1,1],"10":[1,1],"11":[1,0],"12":[0,1],"13":[1,1]},"_coverageSchema":"1a1c01bbd47fc00a2c39e90264f33305004495a9","hash":"455727cbc1f1a304612635a66e596ffb55aac769"}
,"/Users/rohanvachheta/Downloads/abha-sync/services/api-gateway/src/routes/upload.js": {"path":"/Users/rohanvachheta/Downloads/abha-sync/services/api-gateway/src/routes/upload.js","statementMap":{"0":{"start":{"line":1,"column":16},"end":{"line":1,"column":34}},"1":{"start":{"line":2,"column":23},"end":{"line":2,"column":38}},"2":{"start":{"line":3,"column":59},"end":{"line":3,"column":87}},"3":{"start":{"line":4,"column":24},"end":{"line":4,"column":60}},"4":{"start":{"line":6,"column":15},"end":{"line":6,"column":31}},"5":{"start":{"line":19,"column":0},"end":{"line":96,"column":4}},"6":{"start":{"line":20,"column":39},"end":{"line":20,"column":47}},"7":{"start":{"line":21,"column":19},"end":{"line":21,"column":27}},"8":{"start":{"line":22,"column":17},"end":{"line":22,"column":51}},"9":{"start":{"line":24,"column":2},"end":{"line":24,"column":57}},"10":{"start":{"line":27,"column":2},"end":{"line":27,"column":58}},"11":{"start":{"line":28,"column":27},"end":{"line":28,"column":80}},"12":{"start":{"line":29,"column":20},"end":{"line":29,"column":41}},"13":{"start":{"line":32,"column":2},"end":{"line":32,"column":66}},"14":{"start":{"line":33,"column":23},"end":{"line":35,"column":51}},"15":{"start":{"line":37,"column":30},"end":{"line":40,"column":4}},"16":{"start":{"line":41,"column":21},"end":{"line":41,"column":45}},"17":{"start":{"line":44,"column":2},"end":{"line":44,"column":59}},"18":{"start":{"line":45,"column":20},"end":{"line":53,"column":3}},"19":{"start":{"line":54,"column":21},"end":{"line":54,"column":70}},"20":{"start":{"line":57,"column":2},"end":{"line":57,"column":48}},"21":{"start":{"line":58,"column":13},"end":{"line":58,"column":20}},"22":{"start":{"line":60,"column":2},"end":{"line":72,"column":4}},"23":{"start":{"line":75,"column":23},"end":{"line":75,"column":31}},"24":{"start":{"line":76,"column":2},"end":{"line":79,"column":73}},"25":{"start":{"line":81,"column":2},"end":{"line":81,"column":69}},"26":{"start":{"line":84,"column":2},"end":{"line":95,"column":5}},"27":{"start":{"line":98,"column":0},"end":{"line":98,"column":24}}},"fnMap":{"0":{"name":"(anonymous_0)","decl":{"start":{"line":19,"column":60},"end":{"line":19,"column":61}},"loc":{"start":{"line":19,"column":80},"end":{"line":96,"column":1}},"line":19}},"branchMap":{"0":{"loc":{"start":{"line":22,"column":17},"end":{"line":22,"column":51}},"type":"binary-expr","locations":[{"start":{"line":22,"column":17},"end":{"line":22,"column":33}},{"start":{"line":22,"column":37},"end":{"line":22,"column":51}}],"line":22},"1":{"loc":{"start":{"line":33,"column":23},"end":{"line":35,"column":51}},"type":"cond-expr","locations":[{"start":{"line":34,"column":6},"end":{"line":34,"column":28}},{"start":{"line":35,"column":6},"end":{"line":35,"column":51}}],"line":33},"2":{"loc":{"start":{"line":35,"column":6},"end":{"line":35,"column":51}},"type":"binary-expr","locations":[{"start":{"line":35,"column":6},"end":{"line":35,"column":25}},{"start":{"line":35,"column":29},"end":{"line":35,"column":51}}],"line":35},"3":{"loc":{"start":{"line":39,"column":15},"end":{"line":39,"column":40}},"type":"binary-expr","locations":[{"start":{"line":39,"column":15},"end":{"line":39,"column":34}},{"start":{"line":39,"column":38},"end":{"line":39,"column":40}}],"line":39},"4":{"loc":{"start":{"line":49,"column":15},"end":{"line":49,"column":40}},"type":"binary-expr","locations":[{"start":{"line":49,"column":15},"end":{"line":49,"column":34}},{"start":{"line":49,"column":38},"end":{"line":49,"column":40}}],"line":49},"5":{"loc":{"start":{"line":50,"column":15},"end":{"line":50,"column":40}},"type":"binary-expr","locations":[{"start":{"line":50,"column":15},"end":{"line":50,"column":34}},{"start":{"line":50,"column":38},"end":{"line":50,"column":40}}],"line":50},"6":{"loc":{"start":{"line":66,"column":4},"end":{"line":66,"column":28}},"type":"binary-expr","locations":[{"start":{"line":66,"column":4},"end":{"line":66,"column":12}},{"start":{"line":66,"column":16},"end":{"line":66,"column":28}}],"line":66},"7":{"loc":{"start":{"line":67,"column":4},"end":{"line":67,"column":23}},"type":"binary-expr","locations":[{"start":{"line":67,"column":4},"end":{"line":67,"column":12}},{"start":{"line":67,"column":16},"end":{"line":67,"column":23}}],"line":67},"8":{"loc":{"start":{"line":71,"column":4},"end":{"line":71,"column":34}},"type":"binary-expr","locations":[{"start":{"line":71,"column":4},"end":{"line":71,"column":29}},{"start":{"line":71,"column":33},"end":{"line":71,"column":34}}],"line":71}},"s":{"0":1,"1":1,"2":1,"3":1,"4":1,"5":1,"6":0,"7":0,"8":0,"9":0,"10":0,"11":0,"12":0,"13":0,"14":0,"15":0,"16":0,"17":0,"18":0,"19":0,"20":0,"21":0,"22":0,"23":0,"24":0,"25":0,"26":0,"27":1},"f":{"0":0},"b":{"0":[0,0],"1":[0,0],"2":[0,0],"3":[0,0],"4":[0,0],"5":[0,0],"6":[0,0],"7":[0,0],"8":[0,0]},"_coverageSchema":"1a1c01bbd47fc00a2c39e90264f33305004495a9","hash":"6a9cc75b18d624a4a32204f1b9fc31cdeff057e5"}
,"/Users/rohanvachheta/Downloads/abha-sync/services/api-gateway/src/services/serviceClient.js": {"path":"/Users/rohanvachheta/Downloads/abha-sync/services/api-gateway/src/services/serviceClient.js","statementMap":{"0":{"start":{"line":6,"column":29},"end":{"line":6,"column":57}},"1":{"start":{"line":8,"column":21},"end":{"line":13,"column":1}},"2":{"start":{"line":16,"column":18},"end":{"line":16,"column":43}},"3":{"start":{"line":17,"column":2},"end":{"line":19,"column":3}},"4":{"start":{"line":18,"column":4},"end":{"line":18,"column":63}},"5":{"start":{"line":21,"column":14},"end":{"line":21,"column":33}},"6":{"start":{"line":22,"column":2},"end":{"line":22,"column":66}},"7":{"start":{"line":24,"column":2},"end":{"line":51,"column":3}},"8":{"start":{"line":25,"column":20},"end":{"line":28,"column":5}},"9":{"start":{"line":30,"column":4},"end":{"line":32,"column":5}},"10":{"start":{"line":31,"column":6},"end":{"line":31,"column":42}},"11":{"start":{"line":34,"column":21},"end":{"line":34,"column":46}},"12":{"start":{"line":35,"column":25},"end":{"line":35,"column":46}},"13":{"start":{"line":37,"column":4},"end":{"line":42,"column":5}},"14":{"start":{"line":38,"column":6},"end":{"line":41,"column":8}},"15":{"start":{"line":44,"column":4},"end":{"line":44,"column":76}},"16":{"start":{"line":45,"column":4},"end":{"line":45,"column":24}},"17":{"start":{"line":47,"column":4},"end":{"line":47,"column":43}},"18":{"start":{"line":47,"column":33},"end":{"line":47,"column":43}},"19":{"start":{"line":49,"column":4},"end":{"line":49,"column":66}},"20":{"start":{"line":50,"column":4},"end":{"line":50,"column":82}},"21":{"start":{"line":54,"column":0},"end":{"line":54,"column":47}}},"fnMap":{"0":{"name":"callService","decl":{"start":{"line":15,"column":15},"end":{"line":15,"column":26}},"loc":{"start":{"line":15,"column":69},"end":{"line":52,"column":1}},"line":15}},"branchMap":{"0":{"loc":{"start":{"line":9,"column":14},"end":{"line":9,"column":70}},"type":"binary-expr","locations":[{"start":{"line":9,"column":14},"end":{"line":9,"column":43}},{"start":{"line":9,"column":47},"end":{"line":9,"column":70}}],"line":9},"1":{"loc":{"start":{"line":10,"column":17},"end":{"line":10,"column":73}},"type":"binary-expr","locations":[{"start":{"line":10,"column":17},"end":{"line":10,"column":46}},{"start":{"line":10,"column":50},"end":{"line":10,"column":73}}],"line":10},"2":{"loc":{"start":{"line":11,"column":8},"end":{"line":11,"column":65}},"type":"binary-expr","locations":[{"start":{"line":11,"column":8},"end":{"line":11,"column":38}},{"start":{"line":11,"column":42},"end":{"line":11,"column":65}}],"line":11},"3":{"loc":{"start":{"line":12,"column":8},"end":{"line":12,"column":60}},"type":"binary-expr","locations":[{"start":{"line":12,"column":8},"end":{"line":12,"column":33}},{"start":{"line":12,"column":37},"end":{"line":12,"column":60}}],"line":12},"4":{"loc":{"start":{"line":15,"column":52},"end":{"line":15,"column":67}},"type":"default-arg","locations":[{"start":{"line":15,"column":61},"end":{"line":15,"column":67}}],"line":15},"5":{"loc":{"start":{"line":17,"column":2},"end":{"line":19,"column":3}},"type":"if","locations":[{"start":{"line":17,"column":2},"end":{"line":19,"column":3}},{"start":{},"end":{}}],"line":17},"6":{"loc":{"start":{"line":30,"column":4},"end":{"line":32,"column":5}},"type":"if","locations":[{"start":{"line":30,"column":4},"end":{"line":32,"column":5}},{"start":{},"end":{}}],"line":30},"7":{"loc":{"start":{"line":30,"column":8},"end":{"line":30,"column":32}},"type":"binary-expr","locations":[{"start":{"line":30,"column":8},"end":{"line":30,"column":12}},{"start":{"line":30,"column":16},"end":{"line":30,"column":32}}],"line":30},"8":{"loc":{"start":{"line":37,"column":4},"end":{"line":42,"column":5}},"type":"if","locations":[{"start":{"line":37,"column":4},"end":{"line":42,"column":5}},{"start":{},"end":{}}],"line":37},"9":{"loc":{"start":{"line":39,"column":8},"end":{"line":39,"column":91}},"type":"binary-expr","locations":[{"start":{"line":39,"column":8},"end":{"line":39,"column":35}},{"start":{"line":39,"column":39},"end":{"line":39,"column":91}}],"line":39},"10":{"loc":{"start":{"line":47,"column":4},"end":{"line":47,"column":43}},"type":"if","locations":[{"start":{"line":47,"column":4},"end":{"line":47,"column":43}},{"start":{},"end":{}}],"line":47}},"s":{"0":1,"1":1,"2":0,"3":0,"4":0,"5":0,"6":0,"7":0,"8":0,"9":0,"10":0,"11":0,"12":0,"13":0,"14":0,"15":0,"16":0,"17":0,"18":0,"19":0,"20":0,"21":1},"f":{"0":0},"b":{"0":[1,1],"1":[1,1],"2":[1,1],"3":[1,1],"4":[0],"5":[0,0],"6":[0,0],"7":[0,0],"8":[0,0],"9":[0,0],"10":[0,0]},"_coverageSchema":"1a1c01bbd47fc00a2c39e90264f33305004495a9","hash":"fe9ba9a46d2c4416502666b1e09b702fcd5d2a82"}
}
