TN:
SF:src/index.js
FN:24,(anonymous_0)
FN:44,(anonymous_1)
FNF:2
FNH:1
FNDA:13,(anonymous_0)
FNDA:0,(anonymous_1)
DA:1,1
DA:2,1
DA:3,1
DA:4,1
DA:5,1
DA:6,1
DA:7,1
DA:8,1
DA:9,1
DA:11,1
DA:12,1
DA:15,1
DA:20,1
DA:21,1
DA:24,1
DA:25,13
DA:26,13
DA:30,1
DA:31,1
DA:32,1
DA:33,1
DA:34,1
DA:35,1
DA:38,1
DA:40,1
DA:42,0
DA:44,0
DA:45,0
DA:46,0
DA:47,0
DA:48,0
DA:49,0
DA:53,1
LF:33
LH:26
BRDA:12,0,0,1
BRDA:12,0,1,1
BRDA:16,1,0,1
BRDA:16,1,1,1
BRDA:40,2,0,0
BRDA:40,2,1,1
BRDA:46,3,0,0
BRDA:46,3,1,0
BRDA:47,4,0,0
BRDA:47,4,1,0
BRDA:48,5,0,0
BRDA:48,5,1,0
BRDA:49,6,0,0
BRDA:49,6,1,0
BRF:14
BRH:5
end_of_record
TN:
SF:src/routes/auth.js
FN:12,(anonymous_0)
FN:33,(anonymous_1)
FNF:2
FNH:2
FNDA:3,(anonymous_0)
FNDA:2,(anonymous_1)
DA:1,1
DA:2,1
DA:4,1
DA:7,1
DA:12,1
DA:13,3
DA:14,3
DA:17,3
DA:18,3
DA:20,3
DA:33,1
DA:34,2
DA:35,2
DA:37,2
DA:38,2
DA:39,0
DA:42,2
DA:43,0
DA:44,0
DA:47,2
DA:48,1
DA:51,1
DA:54,1
DA:60,1
DA:75,1
LF:25
LH:22
BRDA:14,0,0,3
BRDA:14,0,1,0
BRDA:23,1,0,3
BRDA:23,1,1,0
BRDA:25,2,0,3
BRDA:25,2,1,0
BRDA:35,3,0,2
BRDA:35,3,1,0
BRDA:38,4,0,0
BRDA:38,4,1,2
BRDA:42,5,0,0
BRDA:42,5,1,2
BRDA:47,6,0,1
BRDA:47,6,1,1
BRDA:56,7,0,1
BRDA:56,7,1,0
BRDA:57,8,0,1
BRDA:57,8,1,1
BRDA:67,9,0,1
BRDA:67,9,1,0
BRDA:68,10,0,1
BRDA:68,10,1,1
BRF:22
BRH:14
end_of_record
TN:
SF:src/routes/consent.js
FN:17,(anonymous_0)
FNF:1
FNH:0
FNDA:0,(anonymous_0)
DA:1,1
DA:2,1
DA:3,1
DA:4,1
DA:6,1
DA:17,1
DA:18,0
DA:19,0
DA:20,0
DA:23,0
DA:24,0
DA:25,0
DA:28,0
DA:29,0
DA:30,0
DA:34,0
DA:37,0
DA:38,0
DA:45,0
DA:46,0
DA:62,0
DA:64,0
DA:75,1
LF:23
LH:7
BRDA:19,0,0,0
BRDA:19,0,1,0
BRDA:24,1,0,0
BRDA:24,1,1,0
BRDA:29,2,0,0
BRDA:29,2,1,0
BRDA:41,3,0,0
BRDA:41,3,1,0
BRDA:53,4,0,0
BRDA:53,4,1,0
BRDA:54,5,0,0
BRDA:54,5,1,0
BRDA:55,6,0,0
BRDA:55,6,1,0
BRDA:56,7,0,0
BRDA:56,7,1,0
BRDA:58,8,0,0
BRDA:58,8,1,0
BRF:18
BRH:0
end_of_record
TN:
SF:src/routes/health.js
FN:4,(anonymous_0)
FNF:1
FNH:1
FNDA:1,(anonymous_0)
DA:1,1
DA:2,1
DA:4,1
DA:5,1
DA:13,1
LF:5
LH:5
BRF:0
BRH:0
end_of_record
TN:
SF:src/routes/records.js
FN:10,(anonymous_0)
FN:22,(anonymous_1)
FN:48,(anonymous_2)
FNF:3
FNH:2
FNDA:1,(anonymous_0)
FNDA:0,(anonymous_1)
FNDA:1,(anonymous_2)
DA:1,1
DA:2,1
DA:4,1
DA:10,1
DA:11,1
DA:12,1
DA:14,1
DA:22,1
DA:35,1
DA:48,1
DA:49,1
DA:50,1
DA:52,1
DA:59,1
DA:60,1
DA:63,0
DA:65,0
DA:92,1
LF:18
LH:16
BRDA:11,0,0,1
BRDA:11,0,1,1
BRDA:26,1,0,0
BRDA:26,1,1,0
BRDA:27,2,0,0
BRDA:27,2,1,0
BRDA:59,3,0,1
BRDA:59,3,1,0
BRDA:72,4,0,0
BRDA:72,4,1,0
BRDA:73,5,0,0
BRDA:73,5,1,0
BRDA:74,6,0,0
BRDA:74,6,1,0
BRDA:77,7,0,0
BRDA:77,7,1,0
BRF:16
BRH:3
end_of_record
TN:
SF:src/routes/reminders.js
FN:10,(anonymous_0)
FN:24,(anonymous_1)
FN:49,(anonymous_2)
FN:77,(anonymous_3)
FNF:4
FNH:4
FNDA:1,(anonymous_0)
FNDA:1,(anonymous_1)
FNDA:1,(anonymous_2)
FNDA:2,(anonymous_3)
DA:1,1
DA:2,1
DA:3,1
DA:5,1
DA:10,1
DA:11,1
DA:12,1
DA:13,1
DA:15,1
DA:24,1
DA:25,1
DA:26,1
DA:28,1
DA:29,0
DA:32,1
DA:33,1
DA:35,1
DA:40,1
DA:49,1
DA:50,1
DA:51,1
DA:52,1
DA:54,1
DA:55,1
DA:56,0
DA:59,1
DA:71,1
DA:77,1
DA:78,2
DA:79,2
DA:81,2
DA:82,2
DA:83,1
DA:86,1
DA:89,1
LF:35
LH:33
BRDA:11,0,0,1
BRDA:11,0,1,1
BRDA:25,1,0,1
BRDA:25,1,1,1
BRDA:28,2,0,0
BRDA:28,2,1,1
BRDA:38,3,0,1
BRDA:38,3,1,0
BRDA:38,4,0,1
BRDA:38,4,1,0
BRDA:38,5,0,1
BRDA:38,5,1,0
BRDA:55,6,0,0
BRDA:55,6,1,1
BRDA:63,7,0,1
BRDA:63,7,1,1
BRDA:64,8,0,1
BRDA:64,8,1,1
BRDA:65,9,0,1
BRDA:65,9,1,1
BRDA:66,10,0,1
BRDA:66,10,1,1
BRDA:67,11,0,1
BRDA:67,11,1,0
BRDA:67,12,0,0
BRDA:67,12,1,1
BRDA:82,13,0,1
BRDA:82,13,1,1
BRF:28
BRH:21
end_of_record
TN:
SF:src/routes/upload.js
FN:19,(anonymous_0)
FNF:1
FNH:0
FNDA:0,(anonymous_0)
DA:1,1
DA:2,1
DA:3,1
DA:4,1
DA:6,1
DA:19,1
DA:20,0
DA:21,0
DA:22,0
DA:24,0
DA:27,0
DA:28,0
DA:29,0
DA:32,0
DA:33,0
DA:37,0
DA:41,0
DA:44,0
DA:45,0
DA:54,0
DA:57,0
DA:58,0
DA:60,0
DA:75,0
DA:76,0
DA:81,0
DA:84,0
DA:98,1
LF:28
LH:7
BRDA:22,0,0,0
BRDA:22,0,1,0
BRDA:33,1,0,0
BRDA:33,1,1,0
BRDA:35,2,0,0
BRDA:35,2,1,0
BRDA:39,3,0,0
BRDA:39,3,1,0
BRDA:49,4,0,0
BRDA:49,4,1,0
BRDA:50,5,0,0
BRDA:50,5,1,0
BRDA:66,6,0,0
BRDA:66,6,1,0
BRDA:67,7,0,0
BRDA:67,7,1,0
BRDA:71,8,0,0
BRDA:71,8,1,0
BRF:18
BRH:0
end_of_record
TN:
SF:src/services/serviceClient.js
FN:15,callService
FNF:1
FNH:0
FNDA:0,callService
DA:6,1
DA:8,1
DA:16,0
DA:17,0
DA:18,0
DA:21,0
DA:22,0
DA:24,0
DA:25,0
DA:30,0
DA:31,0
DA:34,0
DA:35,0
DA:37,0
DA:38,0
DA:44,0
DA:45,0
DA:47,0
DA:49,0
DA:50,0
DA:54,1
LF:21
LH:3
BRDA:9,0,0,1
BRDA:9,0,1,1
BRDA:10,1,0,1
BRDA:10,1,1,1
BRDA:11,2,0,1
BRDA:11,2,1,1
BRDA:12,3,0,1
BRDA:12,3,1,1
BRDA:15,4,0,0
BRDA:17,5,0,0
BRDA:17,5,1,0
BRDA:30,6,0,0
BRDA:30,6,1,0
BRDA:30,7,0,0
BRDA:30,7,1,0
BRDA:37,8,0,0
BRDA:37,8,1,0
BRDA:39,9,0,0
BRDA:39,9,1,0
BRDA:47,10,0,0
BRDA:47,10,1,0
BRF:21
BRH:8
end_of_record
