{"/Users/rohanvachheta/Downloads/abha-sync/services/fhir-generator/src/index.js": {"path":"/Users/rohanvachheta/Downloads/abha-sync/services/fhir-generator/src/index.js","statementMap":{"0":{"start":{"line":1,"column":16},"end":{"line":1,"column":34}},"1":{"start":{"line":2,"column":13},"end":{"line":2,"column":28}},"2":{"start":{"line":3,"column":46},"end":{"line":3,"column":74}},"3":{"start":{"line":4,"column":19},"end":{"line":4,"column":43}},"4":{"start":{"line":6,"column":12},"end":{"line":6,"column":21}},"5":{"start":{"line":7,"column":13},"end":{"line":7,"column":37}},"6":{"start":{"line":9,"column":0},"end":{"line":9,"column":16}},"7":{"start":{"line":10,"column":0},"end":{"line":10,"column":41}},"8":{"start":{"line":11,"column":0},"end":{"line":11,"column":59}},"9":{"start":{"line":14,"column":0},"end":{"line":16,"column":3}},"10":{"start":{"line":15,"column":2},"end":{"line":15,"column":98}},"11":{"start":{"line":19,"column":0},"end":{"line":19,"column":33}},"12":{"start":{"line":22,"column":0},"end":{"line":22,"column":22}},"13":{"start":{"line":24,"column":0},"end":{"line":28,"column":1}},"14":{"start":{"line":25,"column":2},"end":{"line":27,"column":5}},"15":{"start":{"line":26,"column":4},"end":{"line":26,"column":66}},"16":{"start":{"line":30,"column":0},"end":{"line":30,"column":21}}},"fnMap":{"0":{"name":"(anonymous_0)","decl":{"start":{"line":14,"column":19},"end":{"line":14,"column":20}},"loc":{"start":{"line":14,"column":34},"end":{"line":16,"column":1}},"line":14},"1":{"name":"(anonymous_1)","decl":{"start":{"line":25,"column":19},"end":{"line":25,"column":20}},"loc":{"start":{"line":25,"column":25},"end":{"line":27,"column":3}},"line":25}},"branchMap":{"0":{"loc":{"start":{"line":7,"column":13},"end":{"line":7,"column":37}},"type":"binary-expr","locations":[{"start":{"line":7,"column":13},"end":{"line":7,"column":29}},{"start":{"line":7,"column":33},"end":{"line":7,"column":37}}],"line":7},"1":{"loc":{"start":{"line":24,"column":0},"end":{"line":28,"column":1}},"type":"if","locations":[{"start":{"line":24,"column":0},"end":{"line":28,"column":1}},{"start":{},"end":{}}],"line":24}},"s":{"0":1,"1":1,"2":1,"3":1,"4":1,"5":1,"6":1,"7":1,"8":1,"9":1,"10":1,"11":1,"12":1,"13":1,"14":0,"15":0,"16":1},"f":{"0":1,"1":0},"b":{"0":[1,1],"1":[0,1]},"_coverageSchema":"1a1c01bbd47fc00a2c39e90264f33305004495a9","hash":"14f5dffc897f766d6486444a1001768c786ed31c"}
,"/Users/rohanvachheta/Downloads/abha-sync/services/fhir-generator/src/routes/fhir.js": {"path":"/Users/rohanvachheta/Downloads/abha-sync/services/fhir-generator/src/routes/fhir.js","statementMap":{"0":{"start":{"line":1,"column":16},"end":{"line":1,"column":34}},"1":{"start":{"line":2,"column":44},"end":{"line":2,"column":72}},"2":{"start":{"line":3,"column":51},"end":{"line":3,"column":83}},"3":{"start":{"line":5,"column":15},"end":{"line":5,"column":31}},"4":{"start":{"line":7,"column":0},"end":{"line":25,"column":4}},"5":{"start":{"line":8,"column":17},"end":{"line":8,"column":45}},"6":{"start":{"line":9,"column":21},"end":{"line":9,"column":47}},"7":{"start":{"line":11,"column":2},"end":{"line":16,"column":3}},"8":{"start":{"line":12,"column":4},"end":{"line":15,"column":7}},"9":{"start":{"line":18,"column":2},"end":{"line":24,"column":5}},"10":{"start":{"line":27,"column":0},"end":{"line":27,"column":24}}},"fnMap":{"0":{"name":"(anonymous_0)","decl":{"start":{"line":7,"column":60},"end":{"line":7,"column":61}},"loc":{"start":{"line":7,"column":80},"end":{"line":25,"column":1}},"line":7}},"branchMap":{"0":{"loc":{"start":{"line":11,"column":2},"end":{"line":16,"column":3}},"type":"if","locations":[{"start":{"line":11,"column":2},"end":{"line":16,"column":3}},{"start":{},"end":{}}],"line":11}},"s":{"0":1,"1":1,"2":1,"3":1,"4":1,"5":2,"6":2,"7":2,"8":0,"9":2,"10":1},"f":{"0":2},"b":{"0":[0,2]},"_coverageSchema":"1a1c01bbd47fc00a2c39e90264f33305004495a9","hash":"fde4a8bc7f305fa6c48bf444434edf82ebf0d4fc"}
,"/Users/rohanvachheta/Downloads/abha-sync/services/fhir-generator/src/services/generator.js": {"path":"/Users/rohanvachheta/Downloads/abha-sync/services/fhir-generator/src/services/generator.js","statementMap":{"0":{"start":{"line":8,"column":23},"end":{"line":8,"column":38}},"1":{"start":{"line":14,"column":2},"end":{"line":32,"column":4}},"2":{"start":{"line":39,"column":2},"end":{"line":54,"column":4}},"3":{"start":{"line":61,"column":17},"end":{"line":61,"column":19}},"4":{"start":{"line":62,"column":2},"end":{"line":68,"column":3}},"5":{"start":{"line":63,"column":4},"end":{"line":67,"column":7}},"6":{"start":{"line":69,"column":2},"end":{"line":75,"column":3}},"7":{"start":{"line":70,"column":4},"end":{"line":74,"column":7}},"8":{"start":{"line":77,"column":2},"end":{"line":95,"column":4}},"9":{"start":{"line":102,"column":22},"end":{"line":125,"column":3}},"10":{"start":{"line":127,"column":2},"end":{"line":135,"column":3}},"11":{"start":{"line":128,"column":4},"end":{"line":132,"column":6}},"12":{"start":{"line":133,"column":9},"end":{"line":135,"column":3}},"13":{"start":{"line":134,"column":4},"end":{"line":134,"column":45}},"14":{"start":{"line":137,"column":2},"end":{"line":137,"column":21}},"15":{"start":{"line":144,"column":2},"end":{"line":177,"column":4}},"16":{"start":{"line":184,"column":19},"end":{"line":184,"column":27}},"17":{"start":{"line":185,"column":18},"end":{"line":185,"column":20}},"18":{"start":{"line":188,"column":18},"end":{"line":188,"column":76}},"19":{"start":{"line":189,"column":21},"end":{"line":189,"column":44}},"20":{"start":{"line":190,"column":2},"end":{"line":194,"column":5}},"21":{"start":{"line":197,"column":24},"end":{"line":197,"column":28}},"22":{"start":{"line":198,"column":2},"end":{"line":206,"column":3}},"23":{"start":{"line":199,"column":25},"end":{"line":199,"column":64}},"24":{"start":{"line":200,"column":4},"end":{"line":200,"column":56}},"25":{"start":{"line":201,"column":4},"end":{"line":205,"column":7}},"26":{"start":{"line":209,"column":2},"end":{"line":219,"column":3}},"27":{"start":{"line":210,"column":22},"end":{"line":210,"column":87}},"28":{"start":{"line":211,"column":4},"end":{"line":218,"column":5}},"29":{"start":{"line":212,"column":24},"end":{"line":212,"column":96}},"30":{"start":{"line":213,"column":6},"end":{"line":217,"column":9}},"31":{"start":{"line":222,"column":2},"end":{"line":231,"column":3}},"32":{"start":{"line":223,"column":4},"end":{"line":230,"column":5}},"33":{"start":{"line":224,"column":26},"end":{"line":224,"column":68}},"34":{"start":{"line":225,"column":6},"end":{"line":229,"column":9}},"35":{"start":{"line":234,"column":2},"end":{"line":243,"column":3}},"36":{"start":{"line":235,"column":4},"end":{"line":242,"column":5}},"37":{"start":{"line":236,"column":25},"end":{"line":236,"column":95}},"38":{"start":{"line":237,"column":6},"end":{"line":241,"column":9}},"39":{"start":{"line":245,"column":2},"end":{"line":253,"column":4}},"40":{"start":{"line":260,"column":17},"end":{"line":260,"column":19}},"41":{"start":{"line":262,"column":2},"end":{"line":264,"column":3}},"42":{"start":{"line":263,"column":4},"end":{"line":263,"column":69}},"43":{"start":{"line":266,"column":2},"end":{"line":268,"column":3}},"44":{"start":{"line":267,"column":4},"end":{"line":267,"column":71}},"45":{"start":{"line":270,"column":2},"end":{"line":272,"column":3}},"46":{"start":{"line":271,"column":4},"end":{"line":271,"column":37}},"47":{"start":{"line":274,"column":2},"end":{"line":276,"column":3}},"48":{"start":{"line":275,"column":4},"end":{"line":275,"column":39}},"49":{"start":{"line":278,"column":2},"end":{"line":299,"column":3}},"50":{"start":{"line":279,"column":4},"end":{"line":279,"column":58}},"51":{"start":{"line":282,"column":23},"end":{"line":282,"column":87}},"52":{"start":{"line":282,"column":48},"end":{"line":282,"column":86}},"53":{"start":{"line":283,"column":4},"end":{"line":285,"column":5}},"54":{"start":{"line":284,"column":6},"end":{"line":284,"column":71}},"55":{"start":{"line":287,"column":4},"end":{"line":298,"column":5}},"56":{"start":{"line":287,"column":17},"end":{"line":287,"column":18}},"57":{"start":{"line":288,"column":20},"end":{"line":288,"column":35}},"58":{"start":{"line":289,"column":6},"end":{"line":291,"column":7}},"59":{"start":{"line":290,"column":8},"end":{"line":290,"column":52}},"60":{"start":{"line":292,"column":6},"end":{"line":294,"column":7}},"61":{"start":{"line":293,"column":8},"end":{"line":293,"column":56}},"62":{"start":{"line":295,"column":6},"end":{"line":297,"column":7}},"63":{"start":{"line":296,"column":8},"end":{"line":296,"column":51}},"64":{"start":{"line":301,"column":2},"end":{"line":306,"column":4}},"65":{"start":{"line":305,"column":56},"end":{"line":305,"column":80}},"66":{"start":{"line":309,"column":0},"end":{"line":317,"column":2}}},"fnMap":{"0":{"name":"createPatientResource","decl":{"start":{"line":13,"column":9},"end":{"line":13,"column":30}},"loc":{"start":{"line":13,"column":40},"end":{"line":33,"column":1}},"line":13},"1":{"name":"createPractitionerResource","decl":{"start":{"line":38,"column":9},"end":{"line":38,"column":35}},"loc":{"start":{"line":38,"column":44},"end":{"line":55,"column":1}},"line":38},"2":{"name":"createConditionResource","decl":{"start":{"line":60,"column":9},"end":{"line":60,"column":32}},"loc":{"start":{"line":60,"column":77},"end":{"line":96,"column":1}},"line":60},"3":{"name":"createObservationResource","decl":{"start":{"line":101,"column":9},"end":{"line":101,"column":34}},"loc":{"start":{"line":101,"column":57},"end":{"line":138,"column":1}},"line":101},"4":{"name":"createMedicationRequestResource","decl":{"start":{"line":143,"column":9},"end":{"line":143,"column":40}},"loc":{"start":{"line":143,"column":80},"end":{"line":178,"column":1}},"line":143},"5":{"name":"generateFHIRBundle","decl":{"start":{"line":183,"column":9},"end":{"line":183,"column":27}},"loc":{"start":{"line":183,"column":34},"end":{"line":254,"column":1}},"line":183},"6":{"name":"validateFHIRBundle","decl":{"start":{"line":259,"column":9},"end":{"line":259,"column":27}},"loc":{"start":{"line":259,"column":36},"end":{"line":307,"column":1}},"line":259},"7":{"name":"(anonymous_7)","decl":{"start":{"line":282,"column":41},"end":{"line":282,"column":42}},"loc":{"start":{"line":282,"column":48},"end":{"line":282,"column":86}},"line":282},"8":{"name":"(anonymous_8)","decl":{"start":{"line":305,"column":49},"end":{"line":305,"column":50}},"loc":{"start":{"line":305,"column":56},"end":{"line":305,"column":80}},"line":305}},"branchMap":{"0":{"loc":{"start":{"line":24,"column":14},"end":{"line":24,"column":47}},"type":"binary-expr","locations":[{"start":{"line":24,"column":14},"end":{"line":24,"column":26}},{"start":{"line":24,"column":30},"end":{"line":24,"column":47}}],"line":24},"1":{"loc":{"start":{"line":25,"column":17},"end":{"line":25,"column":42}},"type":"binary-expr","locations":[{"start":{"line":25,"column":17},"end":{"line":25,"column":29}},{"start":{"line":25,"column":33},"end":{"line":25,"column":42}}],"line":25},"2":{"loc":{"start":{"line":26,"column":16},"end":{"line":26,"column":41}},"type":"binary-expr","locations":[{"start":{"line":26,"column":16},"end":{"line":26,"column":28}},{"start":{"line":26,"column":32},"end":{"line":26,"column":41}}],"line":26},"3":{"loc":{"start":{"line":29,"column":16},"end":{"line":31,"column":10}},"type":"cond-expr","locations":[{"start":{"line":30,"column":8},"end":{"line":30,"column":71}},{"start":{"line":31,"column":8},"end":{"line":31,"column":10}}],"line":29},"4":{"loc":{"start":{"line":49,"column":14},"end":{"line":49,"column":45}},"type":"binary-expr","locations":[{"start":{"line":49,"column":14},"end":{"line":49,"column":25}},{"start":{"line":49,"column":29},"end":{"line":49,"column":45}}],"line":49},"5":{"loc":{"start":{"line":50,"column":17},"end":{"line":50,"column":41}},"type":"binary-expr","locations":[{"start":{"line":50,"column":17},"end":{"line":50,"column":28}},{"start":{"line":50,"column":32},"end":{"line":50,"column":41}}],"line":50},"6":{"loc":{"start":{"line":51,"column":16},"end":{"line":51,"column":40}},"type":"binary-expr","locations":[{"start":{"line":51,"column":16},"end":{"line":51,"column":27}},{"start":{"line":51,"column":31},"end":{"line":51,"column":40}}],"line":51},"7":{"loc":{"start":{"line":62,"column":2},"end":{"line":68,"column":3}},"type":"if","locations":[{"start":{"line":62,"column":2},"end":{"line":68,"column":3}},{"start":{},"end":{}}],"line":62},"8":{"loc":{"start":{"line":69,"column":2},"end":{"line":75,"column":3}},"type":"if","locations":[{"start":{"line":69,"column":2},"end":{"line":75,"column":3}},{"start":{},"end":{}}],"line":69},"9":{"loc":{"start":{"line":90,"column":14},"end":{"line":90,"column":67}},"type":"cond-expr","locations":[{"start":{"line":90,"column":34},"end":{"line":90,"column":40}},{"start":{"line":90,"column":43},"end":{"line":90,"column":67}}],"line":90},"10":{"loc":{"start":{"line":121,"column":12},"end":{"line":121,"column":65}},"type":"binary-expr","locations":[{"start":{"line":121,"column":12},"end":{"line":121,"column":30}},{"start":{"line":121,"column":34},"end":{"line":121,"column":47}},{"start":{"line":121,"column":51},"end":{"line":121,"column":65}}],"line":121},"11":{"loc":{"start":{"line":127,"column":2},"end":{"line":135,"column":3}},"type":"if","locations":[{"start":{"line":127,"column":2},"end":{"line":135,"column":3}},{"start":{"line":133,"column":9},"end":{"line":135,"column":3}}],"line":127},"12":{"loc":{"start":{"line":130,"column":12},"end":{"line":130,"column":31}},"type":"binary-expr","locations":[{"start":{"line":130,"column":12},"end":{"line":130,"column":25}},{"start":{"line":130,"column":29},"end":{"line":130,"column":31}}],"line":130},"13":{"loc":{"start":{"line":133,"column":9},"end":{"line":135,"column":3}},"type":"if","locations":[{"start":{"line":133,"column":9},"end":{"line":135,"column":3}},{"start":{},"end":{}}],"line":133},"14":{"loc":{"start":{"line":153,"column":12},"end":{"line":153,"column":71}},"type":"binary-expr","locations":[{"start":{"line":153,"column":12},"end":{"line":153,"column":25}},{"start":{"line":153,"column":29},"end":{"line":153,"column":49}},{"start":{"line":153,"column":53},"end":{"line":153,"column":71}}],"line":153},"15":{"loc":{"start":{"line":156,"column":15},"end":{"line":156,"column":75}},"type":"cond-expr","locations":[{"start":{"line":156,"column":33},"end":{"line":156,"column":63}},{"start":{"line":156,"column":66},"end":{"line":156,"column":75}}],"line":156},"16":{"loc":{"start":{"line":159,"column":14},"end":{"line":159,"column":92}},"type":"binary-expr","locations":[{"start":{"line":159,"column":14},"end":{"line":159,"column":75}},{"start":{"line":159,"column":79},"end":{"line":159,"column":92}}],"line":159},"17":{"loc":{"start":{"line":159,"column":17},"end":{"line":159,"column":38}},"type":"binary-expr","locations":[{"start":{"line":159,"column":17},"end":{"line":159,"column":32}},{"start":{"line":159,"column":36},"end":{"line":159,"column":38}}],"line":159},"18":{"loc":{"start":{"line":159,"column":42},"end":{"line":159,"column":66}},"type":"binary-expr","locations":[{"start":{"line":159,"column":42},"end":{"line":159,"column":60}},{"start":{"line":159,"column":64},"end":{"line":159,"column":66}}],"line":159},"19":{"loc":{"start":{"line":162,"column":18},"end":{"line":162,"column":53}},"type":"binary-expr","locations":[{"start":{"line":162,"column":18},"end":{"line":162,"column":36}},{"start":{"line":162,"column":40},"end":{"line":162,"column":53}}],"line":162},"20":{"loc":{"start":{"line":165,"column":21},"end":{"line":174,"column":21}},"type":"cond-expr","locations":[{"start":{"line":166,"column":12},"end":{"line":173,"column":13}},{"start":{"line":174,"column":12},"end":{"line":174,"column":21}}],"line":165},"21":{"loc":{"start":{"line":169,"column":25},"end":{"line":169,"column":55}},"type":"binary-expr","locations":[{"start":{"line":169,"column":25},"end":{"line":169,"column":50}},{"start":{"line":169,"column":54},"end":{"line":169,"column":55}}],"line":169},"22":{"loc":{"start":{"line":170,"column":24},"end":{"line":170,"column":74}},"type":"binary-expr","locations":[{"start":{"line":170,"column":24},"end":{"line":170,"column":66}},{"start":{"line":170,"column":70},"end":{"line":170,"column":74}}],"line":170},"23":{"loc":{"start":{"line":188,"column":40},"end":{"line":188,"column":75}},"type":"binary-expr","locations":[{"start":{"line":188,"column":40},"end":{"line":188,"column":52}},{"start":{"line":188,"column":56},"end":{"line":188,"column":75}}],"line":188},"24":{"loc":{"start":{"line":198,"column":2},"end":{"line":206,"column":3}},"type":"if","locations":[{"start":{"line":198,"column":2},"end":{"line":206,"column":3}},{"start":{},"end":{}}],"line":198},"25":{"loc":{"start":{"line":209,"column":2},"end":{"line":219,"column":3}},"type":"if","locations":[{"start":{"line":209,"column":2},"end":{"line":219,"column":3}},{"start":{},"end":{}}],"line":209},"26":{"loc":{"start":{"line":210,"column":22},"end":{"line":210,"column":87}},"type":"cond-expr","locations":[{"start":{"line":210,"column":54},"end":{"line":210,"column":68}},{"start":{"line":210,"column":71},"end":{"line":210,"column":87}}],"line":210},"27":{"loc":{"start":{"line":222,"column":2},"end":{"line":231,"column":3}},"type":"if","locations":[{"start":{"line":222,"column":2},"end":{"line":231,"column":3}},{"start":{},"end":{}}],"line":222},"28":{"loc":{"start":{"line":222,"column":6},"end":{"line":222,"column":53}},"type":"binary-expr","locations":[{"start":{"line":222,"column":6},"end":{"line":222,"column":20}},{"start":{"line":222,"column":24},"end":{"line":222,"column":53}}],"line":222},"29":{"loc":{"start":{"line":234,"column":2},"end":{"line":243,"column":3}},"type":"if","locations":[{"start":{"line":234,"column":2},"end":{"line":243,"column":3}},{"start":{},"end":{}}],"line":234},"30":{"loc":{"start":{"line":234,"column":6},"end":{"line":234,"column":53}},"type":"binary-expr","locations":[{"start":{"line":234,"column":6},"end":{"line":234,"column":20}},{"start":{"line":234,"column":24},"end":{"line":234,"column":53}}],"line":234},"31":{"loc":{"start":{"line":262,"column":2},"end":{"line":264,"column":3}},"type":"if","locations":[{"start":{"line":262,"column":2},"end":{"line":264,"column":3}},{"start":{},"end":{}}],"line":262},"32":{"loc":{"start":{"line":266,"column":2},"end":{"line":268,"column":3}},"type":"if","locations":[{"start":{"line":266,"column":2},"end":{"line":268,"column":3}},{"start":{},"end":{}}],"line":266},"33":{"loc":{"start":{"line":270,"column":2},"end":{"line":272,"column":3}},"type":"if","locations":[{"start":{"line":270,"column":2},"end":{"line":272,"column":3}},{"start":{},"end":{}}],"line":270},"34":{"loc":{"start":{"line":274,"column":2},"end":{"line":276,"column":3}},"type":"if","locations":[{"start":{"line":274,"column":2},"end":{"line":276,"column":3}},{"start":{},"end":{}}],"line":274},"35":{"loc":{"start":{"line":278,"column":2},"end":{"line":299,"column":3}},"type":"if","locations":[{"start":{"line":278,"column":2},"end":{"line":299,"column":3}},{"start":{"line":280,"column":9},"end":{"line":299,"column":3}}],"line":278},"36":{"loc":{"start":{"line":278,"column":6},"end":{"line":278,"column":80}},"type":"binary-expr","locations":[{"start":{"line":278,"column":6},"end":{"line":278,"column":19}},{"start":{"line":278,"column":23},"end":{"line":278,"column":51}},{"start":{"line":278,"column":55},"end":{"line":278,"column":80}}],"line":278},"37":{"loc":{"start":{"line":283,"column":4},"end":{"line":285,"column":5}},"type":"if","locations":[{"start":{"line":283,"column":4},"end":{"line":285,"column":5}},{"start":{},"end":{}}],"line":283},"38":{"loc":{"start":{"line":289,"column":6},"end":{"line":291,"column":7}},"type":"if","locations":[{"start":{"line":289,"column":6},"end":{"line":291,"column":7}},{"start":{},"end":{}}],"line":289},"39":{"loc":{"start":{"line":292,"column":6},"end":{"line":294,"column":7}},"type":"if","locations":[{"start":{"line":292,"column":6},"end":{"line":294,"column":7}},{"start":{},"end":{}}],"line":292},"40":{"loc":{"start":{"line":295,"column":6},"end":{"line":297,"column":7}},"type":"if","locations":[{"start":{"line":295,"column":6},"end":{"line":297,"column":7}},{"start":{},"end":{}}],"line":295},"41":{"loc":{"start":{"line":304,"column":19},"end":{"line":304,"column":44}},"type":"binary-expr","locations":[{"start":{"line":304,"column":19},"end":{"line":304,"column":39}},{"start":{"line":304,"column":43},"end":{"line":304,"column":44}}],"line":304},"42":{"loc":{"start":{"line":305,"column":31},"end":{"line":305,"column":87}},"type":"binary-expr","locations":[{"start":{"line":305,"column":31},"end":{"line":305,"column":81}},{"start":{"line":305,"column":85},"end":{"line":305,"column":87}}],"line":305}},"s":{"0":2,"1":14,"2":11,"3":10,"4":10,"5":9,"6":10,"7":9,"8":10,"9":11,"10":11,"11":10,"12":1,"13":1,"14":11,"15":9,"16":13,"17":13,"18":13,"19":13,"20":13,"21":13,"22":13,"23":10,"24":10,"25":10,"26":13,"27":9,"28":9,"29":10,"30":10,"31":13,"32":9,"33":9,"34":9,"35":13,"36":9,"37":9,"38":9,"39":13,"40":8,"41":8,"42":1,"43":7,"44":1,"45":7,"46":0,"47":7,"48":0,"49":7,"50":2,"51":5,"52":5,"53":5,"54":1,"55":5,"56":5,"57":10,"58":10,"59":0,"60":10,"61":0,"62":10,"63":0,"64":7,"65":10,"66":2},"f":{"0":14,"1":11,"2":10,"3":11,"4":9,"5":13,"6":8,"7":5,"8":10},"b":{"0":[14,0],"1":[14,0],"2":[14,0],"3":[8,6],"4":[11,0],"5":[11,0],"6":[11,0],"7":[9,1],"8":[9,1],"9":[9,1],"10":[11,0,0],"11":[10,1],"12":[10,0],"13":[1,0],"14":[9,0,0],"15":[9,0],"16":[9,0],"17":[9,0],"18":[9,1],"19":[9,1],"20":[9,0],"21":[9,0],"22":[9,0],"23":[13,0],"24":[10,3],"25":[9,4],"26":[1,8],"27":[9,4],"28":[13,9],"29":[9,4],"30":[13,9],"31":[1,7],"32":[1,6],"33":[0,7],"34":[0,7],"35":[2,5],"36":[7,7,7],"37":[1,4],"38":[0,10],"39":[0,10],"40":[0,10],"41":[7,2],"42":[7,0]},"_coverageSchema":"1a1c01bbd47fc00a2c39e90264f33305004495a9","hash":"78672d0e65324511ad5554743e63746c0e150a32"}
}
