TN:
SF:src/index.js
FN:14,(anonymous_0)
FN:25,(anonymous_1)
FNF:2
FNH:1
FNDA:1,(anonymous_0)
FNDA:0,(anonymous_1)
DA:1,1
DA:2,1
DA:3,1
DA:4,1
DA:6,1
DA:7,1
DA:9,1
DA:10,1
DA:11,1
DA:14,1
DA:15,1
DA:19,1
DA:22,1
DA:24,1
DA:25,0
DA:26,0
DA:30,1
LF:17
LH:15
BRDA:7,0,0,1
BRDA:7,0,1,1
BRDA:24,1,0,0
BRDA:24,1,1,1
BRF:4
BRH:3
end_of_record
TN:
SF:src/routes/fhir.js
FN:7,(anonymous_0)
FNF:1
FNH:1
FNDA:2,(anonymous_0)
DA:1,1
DA:2,1
DA:3,1
DA:5,1
DA:7,1
DA:8,2
DA:9,2
DA:11,2
DA:12,0
DA:18,2
DA:27,1
LF:11
LH:10
BRDA:11,0,0,0
BRDA:11,0,1,2
BRF:2
BRH:1
end_of_record
TN:
SF:src/services/generator.js
FN:13,createPatientResource
FN:38,createPractitionerResource
FN:60,createConditionResource
FN:101,createObservationResource
FN:143,createMedicationRequestResource
FN:183,generateFHIRBundle
FN:259,validateFHIRBundle
FN:282,(anonymous_7)
FN:305,(anonymous_8)
FNF:9
FNH:9
FNDA:14,createPatientResource
FNDA:11,createPractitionerResource
FNDA:10,createConditionResource
FNDA:11,createObservationResource
FNDA:9,createMedicationRequestResource
FNDA:13,generateFHIRBundle
FNDA:8,validateFHIRBundle
FNDA:5,(anonymous_7)
FNDA:10,(anonymous_8)
DA:8,2
DA:14,14
DA:39,11
DA:61,10
DA:62,10
DA:63,9
DA:69,10
DA:70,9
DA:77,10
DA:102,11
DA:127,11
DA:128,10
DA:133,1
DA:134,1
DA:137,11
DA:144,9
DA:184,13
DA:185,13
DA:188,13
DA:189,13
DA:190,13
DA:197,13
DA:198,13
DA:199,10
DA:200,10
DA:201,10
DA:209,13
DA:210,9
DA:211,9
DA:212,10
DA:213,10
DA:222,13
DA:223,9
DA:224,9
DA:225,9
DA:234,13
DA:235,9
DA:236,9
DA:237,9
DA:245,13
DA:260,8
DA:262,8
DA:263,1
DA:266,7
DA:267,1
DA:270,7
DA:271,0
DA:274,7
DA:275,0
DA:278,7
DA:279,2
DA:282,5
DA:283,5
DA:284,1
DA:287,5
DA:288,10
DA:289,10
DA:290,0
DA:292,10
DA:293,0
DA:295,10
DA:296,0
DA:301,7
DA:305,10
DA:309,2
LF:65
LH:60
BRDA:24,0,0,14
BRDA:24,0,1,0
BRDA:25,1,0,14
BRDA:25,1,1,0
BRDA:26,2,0,14
BRDA:26,2,1,0
BRDA:29,3,0,8
BRDA:29,3,1,6
BRDA:49,4,0,11
BRDA:49,4,1,0
BRDA:50,5,0,11
BRDA:50,5,1,0
BRDA:51,6,0,11
BRDA:51,6,1,0
BRDA:62,7,0,9
BRDA:62,7,1,1
BRDA:69,8,0,9
BRDA:69,8,1,1
BRDA:90,9,0,9
BRDA:90,9,1,1
BRDA:121,10,0,11
BRDA:121,10,1,0
BRDA:121,10,2,0
BRDA:127,11,0,10
BRDA:127,11,1,1
BRDA:130,12,0,10
BRDA:130,12,1,0
BRDA:133,13,0,1
BRDA:133,13,1,0
BRDA:153,14,0,9
BRDA:153,14,1,0
BRDA:153,14,2,0
BRDA:156,15,0,9
BRDA:156,15,1,0
BRDA:159,16,0,9
BRDA:159,16,1,0
BRDA:159,17,0,9
BRDA:159,17,1,0
BRDA:159,18,0,9
BRDA:159,18,1,1
BRDA:162,19,0,9
BRDA:162,19,1,1
BRDA:165,20,0,9
BRDA:165,20,1,0
BRDA:169,21,0,9
BRDA:169,21,1,0
BRDA:170,22,0,9
BRDA:170,22,1,0
BRDA:188,23,0,13
BRDA:188,23,1,0
BRDA:198,24,0,10
BRDA:198,24,1,3
BRDA:209,25,0,9
BRDA:209,25,1,4
BRDA:210,26,0,1
BRDA:210,26,1,8
BRDA:222,27,0,9
BRDA:222,27,1,4
BRDA:222,28,0,13
BRDA:222,28,1,9
BRDA:234,29,0,9
BRDA:234,29,1,4
BRDA:234,30,0,13
BRDA:234,30,1,9
BRDA:262,31,0,1
BRDA:262,31,1,7
BRDA:266,32,0,1
BRDA:266,32,1,6
BRDA:270,33,0,0
BRDA:270,33,1,7
BRDA:274,34,0,0
BRDA:274,34,1,7
BRDA:278,35,0,2
BRDA:278,35,1,5
BRDA:278,36,0,7
BRDA:278,36,1,7
BRDA:278,36,2,7
BRDA:283,37,0,1
BRDA:283,37,1,4
BRDA:289,38,0,0
BRDA:289,38,1,10
BRDA:292,39,0,0
BRDA:292,39,1,10
BRDA:295,40,0,0
BRDA:295,40,1,10
BRDA:304,41,0,7
BRDA:304,41,1,2
BRDA:305,42,0,7
BRDA:305,42,1,0
BRF:89
BRH:64
end_of_record
