{"/Users/rohanvachheta/Downloads/abha-sync/services/abha-mock-service/src/index.js": {"path":"/Users/rohanvachheta/Downloads/abha-sync/services/abha-mock-service/src/index.js","statementMap":{"0":{"start":{"line":1,"column":16},"end":{"line":1,"column":34}},"1":{"start":{"line":2,"column":13},"end":{"line":2,"column":28}},"2":{"start":{"line":3,"column":46},"end":{"line":3,"column":74}},"3":{"start":{"line":4,"column":19},"end":{"line":4,"column":43}},"4":{"start":{"line":6,"column":12},"end":{"line":6,"column":21}},"5":{"start":{"line":7,"column":13},"end":{"line":7,"column":37}},"6":{"start":{"line":9,"column":0},"end":{"line":9,"column":16}},"7":{"start":{"line":10,"column":0},"end":{"line":10,"column":41}},"8":{"start":{"line":11,"column":0},"end":{"line":11,"column":59}},"9":{"start":{"line":14,"column":0},"end":{"line":16,"column":3}},"10":{"start":{"line":15,"column":2},"end":{"line":15,"column":101}},"11":{"start":{"line":19,"column":0},"end":{"line":19,"column":34}},"12":{"start":{"line":22,"column":0},"end":{"line":22,"column":22}},"13":{"start":{"line":24,"column":0},"end":{"line":28,"column":1}},"14":{"start":{"line":25,"column":2},"end":{"line":27,"column":5}},"15":{"start":{"line":26,"column":4},"end":{"line":26,"column":61}},"16":{"start":{"line":30,"column":0},"end":{"line":30,"column":21}}},"fnMap":{"0":{"name":"(anonymous_0)","decl":{"start":{"line":14,"column":19},"end":{"line":14,"column":20}},"loc":{"start":{"line":14,"column":34},"end":{"line":16,"column":1}},"line":14},"1":{"name":"(anonymous_1)","decl":{"start":{"line":25,"column":19},"end":{"line":25,"column":20}},"loc":{"start":{"line":25,"column":25},"end":{"line":27,"column":3}},"line":25}},"branchMap":{"0":{"loc":{"start":{"line":7,"column":13},"end":{"line":7,"column":37}},"type":"binary-expr","locations":[{"start":{"line":7,"column":13},"end":{"line":7,"column":29}},{"start":{"line":7,"column":33},"end":{"line":7,"column":37}}],"line":7},"1":{"loc":{"start":{"line":24,"column":0},"end":{"line":28,"column":1}},"type":"if","locations":[{"start":{"line":24,"column":0},"end":{"line":28,"column":1}},{"start":{},"end":{}}],"line":24}},"s":{"0":1,"1":1,"2":1,"3":1,"4":1,"5":1,"6":1,"7":1,"8":1,"9":1,"10":1,"11":1,"12":1,"13":1,"14":0,"15":0,"16":1},"f":{"0":1,"1":0},"b":{"0":[1,1],"1":[0,1]},"_coverageSchema":"1a1c01bbd47fc00a2c39e90264f33305004495a9","hash":"8f28405f0a7f8437185dbf00f3ca66bd5242d9dd"}
,"/Users/rohanvachheta/Downloads/abha-sync/services/abha-mock-service/src/routes/abha.js": {"path":"/Users/rohanvachheta/Downloads/abha-sync/services/abha-mock-service/src/routes/abha.js","statementMap":{"0":{"start":{"line":1,"column":16},"end":{"line":1,"column":34}},"1":{"start":{"line":2,"column":23},"end":{"line":2,"column":38}},"2":{"start":{"line":3,"column":35},"end":{"line":3,"column":63}},"3":{"start":{"line":5,"column":15},"end":{"line":5,"column":31}},"4":{"start":{"line":11,"column":0},"end":{"line":59,"column":4}},"5":{"start":{"line":12,"column":50},"end":{"line":12,"column":58}},"6":{"start":{"line":15,"column":2},"end":{"line":17,"column":3}},"7":{"start":{"line":16,"column":4},"end":{"line":16,"column":55}},"8":{"start":{"line":19,"column":2},"end":{"line":21,"column":3}},"9":{"start":{"line":20,"column":4},"end":{"line":20,"column":63}},"10":{"start":{"line":24,"column":21},"end":{"line":24,"column":77}},"11":{"start":{"line":25,"column":2},"end":{"line":27,"column":3}},"12":{"start":{"line":26,"column":4},"end":{"line":26,"column":130}},"13":{"start":{"line":30,"column":2},"end":{"line":30,"column":80}},"14":{"start":{"line":30,"column":33},"end":{"line":30,"column":78}},"15":{"start":{"line":33,"column":2},"end":{"line":35,"column":3}},"16":{"start":{"line":34,"column":4},"end":{"line":34,"column":83}},"17":{"start":{"line":38,"column":24},"end":{"line":38,"column":32}},"18":{"start":{"line":39,"column":24},"end":{"line":39,"column":105}},"19":{"start":{"line":41,"column":2},"end":{"line":58,"column":5}},"20":{"start":{"line":65,"column":0},"end":{"line":78,"column":4}},"21":{"start":{"line":66,"column":28},"end":{"line":66,"column":38}},"22":{"start":{"line":69,"column":2},"end":{"line":77,"column":5}},"23":{"start":{"line":84,"column":0},"end":{"line":103,"column":4}},"24":{"start":{"line":85,"column":21},"end":{"line":85,"column":29}},"25":{"start":{"line":87,"column":2},"end":{"line":89,"column":3}},"26":{"start":{"line":88,"column":4},"end":{"line":88,"column":51}},"27":{"start":{"line":92,"column":18},"end":{"line":92,"column":70}},"28":{"start":{"line":94,"column":2},"end":{"line":102,"column":5}},"29":{"start":{"line":105,"column":0},"end":{"line":105,"column":24}}},"fnMap":{"0":{"name":"(anonymous_0)","decl":{"start":{"line":11,"column":36},"end":{"line":11,"column":37}},"loc":{"start":{"line":11,"column":56},"end":{"line":59,"column":1}},"line":11},"1":{"name":"(anonymous_1)","decl":{"start":{"line":30,"column":20},"end":{"line":30,"column":21}},"loc":{"start":{"line":30,"column":33},"end":{"line":30,"column":78}},"line":30},"2":{"name":"(anonymous_2)","decl":{"start":{"line":65,"column":50},"end":{"line":65,"column":51}},"loc":{"start":{"line":65,"column":70},"end":{"line":78,"column":1}},"line":65},"3":{"name":"(anonymous_3)","decl":{"start":{"line":84,"column":36},"end":{"line":84,"column":37}},"loc":{"start":{"line":84,"column":56},"end":{"line":103,"column":1}},"line":84}},"branchMap":{"0":{"loc":{"start":{"line":15,"column":2},"end":{"line":17,"column":3}},"type":"if","locations":[{"start":{"line":15,"column":2},"end":{"line":17,"column":3}},{"start":{},"end":{}}],"line":15},"1":{"loc":{"start":{"line":19,"column":2},"end":{"line":21,"column":3}},"type":"if","locations":[{"start":{"line":19,"column":2},"end":{"line":21,"column":3}},{"start":{},"end":{}}],"line":19},"2":{"loc":{"start":{"line":24,"column":21},"end":{"line":24,"column":77}},"type":"binary-expr","locations":[{"start":{"line":24,"column":21},"end":{"line":24,"column":45}},{"start":{"line":24,"column":49},"end":{"line":24,"column":77}}],"line":24},"3":{"loc":{"start":{"line":25,"column":2},"end":{"line":27,"column":3}},"type":"if","locations":[{"start":{"line":25,"column":2},"end":{"line":27,"column":3}},{"start":{},"end":{}}],"line":25},"4":{"loc":{"start":{"line":33,"column":2},"end":{"line":35,"column":3}},"type":"if","locations":[{"start":{"line":33,"column":2},"end":{"line":35,"column":3}},{"start":{},"end":{}}],"line":33},"5":{"loc":{"start":{"line":33,"column":6},"end":{"line":33,"column":61}},"type":"binary-expr","locations":[{"start":{"line":33,"column":6},"end":{"line":33,"column":37}},{"start":{"line":33,"column":41},"end":{"line":33,"column":61}}],"line":33},"6":{"loc":{"start":{"line":48,"column":21},"end":{"line":48,"column":52}},"type":"binary-expr","locations":[{"start":{"line":48,"column":21},"end":{"line":48,"column":34}},{"start":{"line":48,"column":38},"end":{"line":48,"column":52}}],"line":48},"7":{"loc":{"start":{"line":50,"column":26},"end":{"line":50,"column":55}},"type":"binary-expr","locations":[{"start":{"line":50,"column":26},"end":{"line":50,"column":50}},{"start":{"line":50,"column":54},"end":{"line":50,"column":55}}],"line":50},"8":{"loc":{"start":{"line":87,"column":2},"end":{"line":89,"column":3}},"type":"if","locations":[{"start":{"line":87,"column":2},"end":{"line":89,"column":3}},{"start":{},"end":{}}],"line":87},"9":{"loc":{"start":{"line":92,"column":18},"end":{"line":92,"column":70}},"type":"binary-expr","locations":[{"start":{"line":92,"column":18},"end":{"line":92,"column":43}},{"start":{"line":92,"column":47},"end":{"line":92,"column":70}}],"line":92},"10":{"loc":{"start":{"line":99,"column":14},"end":{"line":99,"column":48}},"type":"cond-expr","locations":[{"start":{"line":99,"column":24},"end":{"line":99,"column":34}},{"start":{"line":99,"column":37},"end":{"line":99,"column":48}}],"line":99},"11":{"loc":{"start":{"line":100,"column":15},"end":{"line":100,"column":90}},"type":"cond-expr","locations":[{"start":{"line":100,"column":25},"end":{"line":100,"column":56}},{"start":{"line":100,"column":59},"end":{"line":100,"column":90}}],"line":100}},"s":{"0":1,"1":1,"2":1,"3":1,"4":1,"5":5,"6":5,"7":1,"8":4,"9":1,"10":3,"11":3,"12":1,"13":2,"14":2,"15":2,"16":0,"17":2,"18":2,"19":2,"20":1,"21":1,"22":1,"23":1,"24":3,"25":3,"26":1,"27":2,"28":2,"29":1},"f":{"0":5,"1":2,"2":1,"3":3},"b":{"0":[1,4],"1":[1,3],"2":[3,1],"3":[1,2],"4":[0,2],"5":[2,0],"6":[2,0],"7":[2,0],"8":[1,2],"9":[2,1],"10":[1,1],"11":[1,1]},"_coverageSchema":"1a1c01bbd47fc00a2c39e90264f33305004495a9","hash":"bc0ee78589b8bbbed1635df5ab7d94a2366258f3"}
}
