TN:
SF:src/index.js
FN:14,(anonymous_0)
FN:25,(anonymous_1)
FNF:2
FNH:1
FNDA:1,(anonymous_0)
FNDA:0,(anonymous_1)
DA:1,1
DA:2,1
DA:3,1
DA:4,1
DA:6,1
DA:7,1
DA:9,1
DA:10,1
DA:11,1
DA:14,1
DA:15,1
DA:19,1
DA:22,1
DA:24,1
DA:25,0
DA:26,0
DA:30,1
LF:17
LH:15
BRDA:7,0,0,1
BRDA:7,0,1,1
BRDA:24,1,0,0
BRDA:24,1,1,1
BRF:4
BRH:3
end_of_record
TN:
SF:src/routes/abha.js
FN:11,(anonymous_0)
FN:30,(anonymous_1)
FN:65,(anonymous_2)
FN:84,(anonymous_3)
FNF:4
FNH:4
FNDA:5,(anonymous_0)
FNDA:2,(anonymous_1)
FNDA:1,(anonymous_2)
FNDA:3,(anonymous_3)
DA:1,1
DA:2,1
DA:3,1
DA:5,1
DA:11,1
DA:12,5
DA:15,5
DA:16,1
DA:19,4
DA:20,1
DA:24,3
DA:25,3
DA:26,1
DA:30,2
DA:33,2
DA:34,0
DA:38,2
DA:39,2
DA:41,2
DA:65,1
DA:66,1
DA:69,1
DA:84,1
DA:85,3
DA:87,3
DA:88,1
DA:92,2
DA:94,2
DA:105,1
LF:29
LH:28
BRDA:15,0,0,1
BRDA:15,0,1,4
BRDA:19,1,0,1
BRDA:19,1,1,3
BRDA:24,2,0,3
BRDA:24,2,1,1
BRDA:25,3,0,1
BRDA:25,3,1,2
BRDA:33,4,0,0
BRDA:33,4,1,2
BRDA:33,5,0,2
BRDA:33,5,1,0
BRDA:48,6,0,2
BRDA:48,6,1,0
BRDA:50,7,0,2
BRDA:50,7,1,0
BRDA:87,8,0,1
BRDA:87,8,1,2
BRDA:92,9,0,2
BRDA:92,9,1,1
BRDA:99,10,0,1
BRDA:99,10,1,1
BRDA:100,11,0,1
BRDA:100,11,1,1
BRF:24
BRH:20
end_of_record
